[
  {
    "time": 1593532800000,
    "dataIndexId": "A010D0901",
    "type": "monthData"
  },
  {
    "time": 1590940800000,
    "dataIndexId": "A010D0901",
    "type": "monthData"
  },
  {
    "time": 1588262400000,
    "dataIndexId": "A010D0901",
    "type": "monthData"
  },
  {
    "time": 1585670400000,
    "dataIndexId": "A010D0901",
    "type": "monthData"
  },
  {
    "time": 1582992000000,
    "dataIndexId": "A010D0901",
    "type": "monthData"
  },
  {
    "time": 1580486400000,
    "dataIndexId": "A010D0901",
    "type": "monthData"
  },
  {
    "time": 1577808000000,
    "dataIndexId": "A010D0901",
    "type": "monthData"
  },
  {
    "time": 1575129600000,
    "dataIndexId": "A010D0901",
    "type": "monthData"
  },
  {
    "time": 1572537600000,
    "dataIndexId": "A010D0901",
    "type": "monthData"
  },
  {
    "time": 1569859200000,
    "dataIndexId": "A010D0901",
    "type": "monthData"
  },
  {
    "time": 1567267200000,
    "dataIndexId": "A010D0901",
    "type": "monthData"
  },
  {
    "time": 1564588800000,
    "dataIndexId": "A010D0901",
    "type": "monthData"
  },
  {
    "time": 1561910400000,
    "dataIndexId": "A010D0901",
    "type": "monthData"
  },
  {
    "time": 1593532800000,
    "dataIndexId": "A010D0902",
    "type": "monthData"
  },
  {
    "time": 1590940800000,
    "dataIndexId": "A010D0902",
    "type": "monthData"
  },
  {
    "time": 1588262400000,
    "dataIndexId": "A010D0902",
    "type": "monthData"
  },
  {
    "time": 1585670400000,
    "dataIndexId": "A010D0902",
    "type": "monthData"
  },
  {
    "time": 1582992000000,
    "dataIndexId": "A010D0902",
    "type": "monthData"
  },
  {
    "time": 1580486400000,
    "dataIndexId": "A010D0902",
    "type": "monthData"
  },
  {
    "time": 1577808000000,
    "dataIndexId": "A010D0902",
    "type": "monthData"
  },
  {
    "time": 1575129600000,
    "dataIndexId": "A010D0902",
    "type": "monthData"
  },
  {
    "time": 1572537600000,
    "dataIndexId": "A010D0902",
    "type": "monthData"
  },
  {
    "time": 1569859200000,
    "dataIndexId": "A010D0902",
    "type": "monthData"
  },
  {
    "time": 1567267200000,
    "dataIndexId": "A010D0902",
    "type": "monthData"
  },
  {
    "time": 1564588800000,
    "dataIndexId": "A010D0902",
    "type": "monthData"
  },
  {
    "time": 1561910400000,
    "dataIndexId": "A010D0902",
    "type": "monthData"
  },
  {
    "time": 1593532800000,
    "dataIndexId": "A010D0903",
    "type": "monthData"
  },
  {
    "time": 1590940800000,
    "dataIndexId": "A010D0903",
    "type": "monthData"
  },
  {
    "time": 1588262400000,
    "dataIndexId": "A010D0903",
    "type": "monthData"
  },
  {
    "time": 1585670400000,
    "dataIndexId": "A010D0903",
    "type": "monthData"
  },
  {
    "time": 1582992000000,
    "dataIndexId": "A010D0903",
    "type": "monthData"
  },
  {
    "time": 1580486400000,
    "dataIndexId": "A010D0903",
    "type": "monthData"
  },
  {
    "time": 1577808000000,
    "dataIndexId": "A010D0903",
    "type": "monthData"
  },
  {
    "time": 1575129600000,
    "dataIndexId": "A010D0903",
    "type": "monthData"
  },
  {
    "time": 1572537600000,
    "dataIndexId": "A010D0903",
    "type": "monthData"
  },
  {
    "time": 1569859200000,
    "dataIndexId": "A010D0903",
    "type": "monthData"
  },
  {
    "time": 1567267200000,
    "dataIndexId": "A010D0903",
    "type": "monthData"
  },
  {
    "time": 1564588800000,
    "dataIndexId": "A010D0903",
    "type": "monthData"
  },
  {
    "time": 1561910400000,
    "dataIndexId": "A010D0903",
    "type": "monthData"
  }
]