[2020-08-08T09:05:05.112] [INFO] default - gettree done id=zb&dbcode=hgyd&wdcode=zb&m=getTree
[2020-08-08T09:05:05.569] [INFO] default - gettree done id=A01&dbcode=hgyd&wdcode=zb&m=getTree
[2020-08-08T09:05:06.066] [INFO] default - gettree done id=A02&dbcode=hgyd&wdcode=zb&m=getTree
[2020-08-08T09:05:06.561] [INFO] default - gettree done id=A03&dbcode=hgyd&wdcode=zb&m=getTree
[2020-08-08T09:05:07.071] [INFO] default - gettree done id=A04&dbcode=hgyd&wdcode=zb&m=getTree
[2020-08-08T09:05:07.559] [INFO] default - gettree done id=A05&dbcode=hgyd&wdcode=zb&m=getTree
[2020-08-08T09:05:08.061] [INFO] default - gettree done id=A0E&dbcode=hgyd&wdcode=zb&m=getTree
[2020-08-08T09:05:08.565] [INFO] default - gettree done id=A06&dbcode=hgyd&wdcode=zb&m=getTree
[2020-08-08T09:05:09.055] [INFO] default - gettree done id=A07&dbcode=hgyd&wdcode=zb&m=getTree
[2020-08-08T09:05:09.554] [INFO] default - gettree done id=A08&dbcode=hgyd&wdcode=zb&m=getTree
[2020-08-08T09:05:10.072] [INFO] default - gettree done id=A09&dbcode=hgyd&wdcode=zb&m=getTree
[2020-08-08T09:05:10.555] [INFO] default - gettree done id=A0A&dbcode=hgyd&wdcode=zb&m=getTree
[2020-08-08T09:05:11.054] [INFO] default - gettree done id=A0B&dbcode=hgyd&wdcode=zb&m=getTree
[2020-08-08T09:05:11.559] [INFO] default - gettree done id=A0C&dbcode=hgyd&wdcode=zb&m=getTree
[2020-08-08T09:05:12.062] [INFO] default - gettree done id=A0D&dbcode=hgyd&wdcode=zb&m=getTree
[2020-08-08T09:05:12.558] [INFO] default - gettree done id=A0101&dbcode=hgyd&wdcode=zb&m=getTree
[2020-08-08T09:05:13.067] [INFO] default - gettree done id=A0102&dbcode=hgyd&wdcode=zb&m=getTree
[2020-08-08T09:05:13.564] [INFO] default - gettree done id=A0103&dbcode=hgyd&wdcode=zb&m=getTree
[2020-08-08T09:05:14.072] [INFO] default - gettree done id=A0104&dbcode=hgyd&wdcode=zb&m=getTree
[2020-08-08T09:05:14.565] [INFO] default - gettree done id=A0105&dbcode=hgyd&wdcode=zb&m=getTree
[2020-08-08T09:05:15.060] [INFO] default - gettree done id=A0106&dbcode=hgyd&wdcode=zb&m=getTree
[2020-08-08T09:05:15.575] [INFO] default - gettree done id=A0107&dbcode=hgyd&wdcode=zb&m=getTree
[2020-08-08T09:05:16.060] [INFO] default - gettree done id=A0108&dbcode=hgyd&wdcode=zb&m=getTree
[2020-08-08T09:05:16.594] [INFO] default - gettree done id=A010C&dbcode=hgyd&wdcode=zb&m=getTree
[2020-08-08T09:05:17.089] [INFO] default - gettree done id=A010D&dbcode=hgyd&wdcode=zb&m=getTree
[2020-08-08T09:05:17.561] [INFO] default - gettree done id=A010G&dbcode=hgyd&wdcode=zb&m=getTree
[2020-08-08T09:05:18.061] [INFO] default - gettree done id=A0206&dbcode=hgyd&wdcode=zb&m=getTree
[2020-08-08T09:05:18.575] [INFO] default - gettree done id=A0207&dbcode=hgyd&wdcode=zb&m=getTree
[2020-08-08T09:05:19.073] [INFO] default - gettree done id=A0208&dbcode=hgyd&wdcode=zb&m=getTree
[2020-08-08T09:05:19.609] [INFO] default - gettree done id=A0209&dbcode=hgyd&wdcode=zb&m=getTree
[2020-08-08T09:05:20.059] [INFO] default - gettree done id=A020L&dbcode=hgyd&wdcode=zb&m=getTree
[2020-08-08T09:05:20.558] [INFO] default - gettree done id=A020M&dbcode=hgyd&wdcode=zb&m=getTree
[2020-08-08T09:05:21.057] [INFO] default - gettree done id=A020N&dbcode=hgyd&wdcode=zb&m=getTree
[2020-08-08T09:05:21.569] [INFO] default - gettree done id=A020O&dbcode=hgyd&wdcode=zb&m=getTree
[2020-08-08T09:05:22.059] [INFO] default - gettree done id=A0301&dbcode=hgyd&wdcode=zb&m=getTree
[2020-08-08T09:05:22.571] [INFO] default - gettree done id=A040A&dbcode=hgyd&wdcode=zb&m=getTree
[2020-08-08T09:05:23.079] [INFO] default - gettree done id=A040B&dbcode=hgyd&wdcode=zb&m=getTree
[2020-08-08T09:05:23.553] [INFO] default - gettree done id=A040C&dbcode=hgyd&wdcode=zb&m=getTree
[2020-08-08T09:05:24.071] [INFO] default - gettree done id=A0704&dbcode=hgyd&wdcode=zb&m=getTree
[2020-08-08T09:27:28.616] [INFO] default - item A0203 data_index done
[2020-08-08T09:31:56.336] [INFO] default - item A010101 data_index done
[2020-08-08T09:32:16.837] [INFO] default - item A010101 monthdata done
[2020-08-08T09:32:17.755] [INFO] default - item A010102 data_index done
[2020-08-08T09:32:22.218] [INFO] default - item A010102 monthdata done
[2020-08-08T09:32:23.781] [INFO] default - item A010103 data_index done
[2020-08-08T09:32:40.117] [INFO] default - item A010103 monthdata done
[2020-08-08T09:32:41.105] [INFO] default - item A010104 data_index done
[2020-08-08T09:33:02.568] [INFO] default - item A010104 monthdata done
[2020-08-08T09:33:03.616] [INFO] default - item A010105 data_index done
[2020-08-08T09:33:08.049] [INFO] default - item A010105 monthdata done
[2020-08-08T09:33:09.895] [INFO] default - item A010106 data_index done
[2020-08-08T09:33:25.581] [INFO] default - item A010106 monthdata done
[2020-08-08T09:33:26.677] [INFO] default - item A010107 data_index done
[2020-08-08T09:33:48.510] [INFO] default - item A010107 monthdata done
[2020-08-08T09:33:49.440] [INFO] default - item A010108 data_index done
[2020-08-08T09:33:53.071] [INFO] default - item A010108 monthdata done
[2020-08-08T09:33:54.516] [INFO] default - item A010109 data_index done
[2020-08-08T09:34:06.942] [INFO] default - item A010109 monthdata done
[2020-08-08T09:34:07.834] [INFO] default - item A010201 data_index done
[2020-08-08T09:34:26.660] [INFO] default - item A010201 monthdata done
[2020-08-08T09:34:27.416] [INFO] default - item A010202 data_index done
[2020-08-08T09:34:31.186] [INFO] default - item A010202 monthdata done
[2020-08-08T09:34:32.658] [INFO] default - item A010203 data_index done
[2020-08-08T09:34:46.244] [INFO] default - item A010203 monthdata done
[2020-08-08T09:34:47.274] [INFO] default - item A010204 data_index done
[2020-08-08T09:35:04.685] [INFO] default - item A010204 monthdata done
[2020-08-08T09:35:05.598] [INFO] default - item A010205 data_index done
[2020-08-08T09:35:09.176] [INFO] default - item A010205 monthdata done
[2020-08-08T09:35:10.590] [INFO] default - item A010206 data_index done
[2020-08-08T09:35:22.601] [INFO] default - item A010206 monthdata done
[2020-08-08T09:35:23.639] [INFO] default - item A010207 data_index done
[2020-08-08T09:35:41.874] [INFO] default - item A010207 monthdata done
[2020-08-08T09:35:42.739] [INFO] default - item A010208 data_index done
[2020-08-08T09:35:46.300] [INFO] default - item A010208 monthdata done
[2020-08-08T09:35:47.737] [INFO] default - item A010209 data_index done
[2020-08-08T09:36:01.432] [INFO] default - item A010209 monthdata done
[2020-08-08T09:36:02.327] [INFO] default - item A010301 data_index done
[2020-08-08T09:36:23.684] [INFO] default - item A010301 monthdata done
[2020-08-08T09:36:24.852] [INFO] default - item A010302 data_index done
[2020-08-08T09:36:29.575] [INFO] default - item A010302 monthdata done
[2020-08-08T09:36:31.355] [INFO] default - item A010303 data_index done
[2020-08-08T09:36:49.063] [INFO] default - item A010303 monthdata done
[2020-08-08T09:36:50.021] [INFO] default - item A010304 data_index done
[2020-08-08T09:37:10.344] [INFO] default - item A010304 monthdata done
[2020-08-08T09:37:11.157] [INFO] default - item A010305 data_index done
[2020-08-08T09:37:14.899] [INFO] default - item A010305 monthdata done
[2020-08-08T09:37:16.382] [INFO] default - item A010306 data_index done
[2020-08-08T09:37:28.498] [INFO] default - item A010306 monthdata done
[2020-08-08T09:37:29.503] [INFO] default - item A010307 data_index done
[2020-08-08T09:37:47.923] [INFO] default - item A010307 monthdata done
[2020-08-08T09:37:48.755] [INFO] default - item A010308 data_index done
[2020-08-08T09:37:52.664] [INFO] default - item A010308 monthdata done
[2020-08-08T09:37:54.161] [INFO] default - item A010309 data_index done
[2020-08-08T09:38:06.483] [INFO] default - item A010309 monthdata done
[2020-08-08T09:38:07.886] [INFO] default - item A010401 data_index done
[2020-08-08T09:38:40.478] [INFO] default - item A010401 monthdata done
[2020-08-08T09:38:41.827] [INFO] default - item A010402 data_index done
[2020-08-08T09:39:15.479] [INFO] default - item A010402 monthdata done
[2020-08-08T09:39:16.878] [INFO] default - item A010403 data_index done
[2020-08-08T09:40:03.477] [INFO] default - item A010403 monthdata done
[2020-08-08T09:40:05.291] [INFO] default - item A010501 data_index done
[2020-08-08T09:40:46.750] [INFO] default - item A010501 monthdata done
[2020-08-08T09:40:48.400] [INFO] default - item A010502 data_index done
[2020-08-08T09:41:25.678] [INFO] default - item A010502 monthdata done
[2020-08-08T09:41:27.161] [INFO] default - item A010503 data_index done
[2020-08-08T09:42:04.677] [INFO] default - item A010503 monthdata done
[2020-08-08T09:42:06.257] [INFO] default - item A010601 data_index done
[2020-08-08T09:42:42.342] [INFO] default - item A010601 monthdata done
[2020-08-08T09:42:43.741] [INFO] default - item A010602 data_index done
[2020-08-08T09:43:20.483] [INFO] default - item A010602 monthdata done
[2020-08-08T09:43:22.089] [INFO] default - item A010603 data_index done
[2020-08-08T09:44:02.799] [INFO] default - item A010603 monthdata done
[2020-08-08T09:44:03.805] [INFO] default - item A010701 data_index done
[2020-08-08T09:44:27.782] [INFO] default - item A010701 monthdata done
[2020-08-08T09:44:28.788] [INFO] default - item A010702 data_index done
[2020-08-08T09:44:51.135] [INFO] default - item A010702 monthdata done
[2020-08-08T09:44:52.154] [INFO] default - item A010703 data_index done
[2020-08-08T09:45:13.705] [INFO] default - item A010703 monthdata done
[2020-08-08T09:45:14.053] [INFO] default - item A010801 data_index done
[2020-08-08T09:45:20.646] [INFO] default - item A010801 monthdata done
[2020-08-08T09:45:21.097] [INFO] default - item A010802 data_index done
[2020-08-08T09:45:30.346] [INFO] default - item A010802 monthdata done
[2020-08-08T09:45:30.944] [INFO] default - item A010803 data_index done
[2020-08-08T09:45:42.579] [INFO] default - item A010803 monthdata done
[2020-08-08T09:45:42.936] [INFO] default - item A010804 data_index done
[2020-08-08T09:45:49.741] [INFO] default - item A010804 monthdata done
[2020-08-08T09:45:50.202] [INFO] default - item A010805 data_index done
[2020-08-08T09:45:59.338] [INFO] default - item A010805 monthdata done
[2020-08-08T09:45:59.902] [INFO] default - item A010806 data_index done
[2020-08-08T09:46:11.154] [INFO] default - item A010806 monthdata done
[2020-08-08T09:46:11.546] [INFO] default - item A010807 data_index done
[2020-08-08T09:46:18.596] [INFO] default - item A010807 monthdata done
[2020-08-08T09:46:19.027] [INFO] default - item A010808 data_index done
[2020-08-08T09:46:27.804] [INFO] default - item A010808 monthdata done
[2020-08-08T09:46:28.429] [INFO] default - item A010809 data_index done
[2020-08-08T09:46:40.236] [INFO] default - item A010809 monthdata done
[2020-08-08T09:46:41.634] [INFO] default - item A01080A data_index done
[2020-08-08T09:47:16.011] [INFO] default - item A01080A monthdata done
[2020-08-08T09:47:22.675] [INFO] default - item A0109 data_index done
[2020-08-08T09:47:46.468] [INFO] default - item A0109 monthdata done
[2020-08-08T09:47:53.332] [INFO] default - item A010A data_index done
[2020-08-08T09:48:07.134] [INFO] default - item A010A monthdata done
[2020-08-08T09:48:10.916] [INFO] default - item A010B data_index done
[2020-08-08T09:49:29.442] [INFO] default - item A010B monthdata done
[2020-08-08T09:49:29.940] [INFO] default - item A010C01 data_index done
[2020-08-08T09:49:30.737] [INFO] default - item A010C01 monthdata done
[2020-08-08T09:49:31.006] [INFO] default - item A010C02 data_index done
[2020-08-08T09:49:31.716] [INFO] default - item A010C02 monthdata done
[2020-08-08T09:49:32.411] [INFO] default - item A010C03 data_index done
[2020-08-08T09:49:33.478] [INFO] default - item A010C03 monthdata done
[2020-08-08T09:49:33.848] [INFO] default - item A010C04 data_index done
[2020-08-08T09:49:34.654] [INFO] default - item A010C04 monthdata done
[2020-08-08T09:49:35.131] [INFO] default - item A010C05 data_index done
[2020-08-08T09:49:36.466] [INFO] default - item A010C05 monthdata done
[2020-08-08T09:49:39.794] [INFO] default - item A010C06 data_index done
[2020-08-08T09:49:40.599] [INFO] default - item A010C06 monthdata done
[2020-08-08T09:49:42.262] [INFO] default - item A010C07 data_index done
[2020-08-08T09:49:45.508] [INFO] default - item A010C07 monthdata done
[2020-08-08T09:49:46.181] [INFO] default - item A010C08 data_index done
[2020-08-08T09:49:48.318] [INFO] default - item A010C08 monthdata done
[2020-08-08T09:49:48.672] [INFO] default - item A010C09 data_index done
[2020-08-08T09:49:49.612] [INFO] default - item A010C09 monthdata done
[2020-08-08T09:49:50.001] [INFO] default - item A010C0A data_index done
[2020-08-08T09:49:50.883] [INFO] default - item A010C0A monthdata done
[2020-08-08T09:49:51.689] [INFO] default - item A010C0B data_index done
[2020-08-08T09:49:53.866] [INFO] default - item A010C0B monthdata done
[2020-08-08T09:49:57.355] [INFO] default - item A010C0C data_index done
[2020-08-08T09:49:59.770] [INFO] default - item A010C0C monthdata done
[2020-08-08T09:50:00.685] [INFO] default - item A010C0D data_index done
[2020-08-08T09:50:02.141] [INFO] default - item A010C0D monthdata done
[2020-08-08T09:50:02.672] [INFO] default - item A010C0E data_index done
[2020-08-08T09:50:03.808] [INFO] default - item A010C0E monthdata done
[2020-08-08T09:50:04.331] [INFO] default - item A010C0F data_index done
[2020-08-08T09:50:05.916] [INFO] default - item A010C0F monthdata done
[2020-08-08T09:50:06.247] [INFO] default - item A010C0G data_index done
[2020-08-08T09:50:07.157] [INFO] default - item A010C0G monthdata done
[2020-08-08T09:50:07.576] [INFO] default - item A010C0H data_index done
[2020-08-08T09:50:08.415] [INFO] default - item A010C0H monthdata done
[2020-08-08T09:50:09.039] [INFO] default - item A010C0I data_index done
[2020-08-08T09:50:11.049] [INFO] default - item A010C0I monthdata done
[2020-08-08T09:50:11.314] [INFO] default - item A010C0J data_index done
[2020-08-08T09:50:11.916] [INFO] default - item A010C0J monthdata done
[2020-08-08T09:50:12.730] [INFO] default - item A010C0K data_index done
[2020-08-08T09:50:15.074] [INFO] default - item A010C0K monthdata done
[2020-08-08T09:50:15.747] [INFO] default - item A010C0L data_index done
[2020-08-08T09:50:17.791] [INFO] default - item A010C0L monthdata done
[2020-08-08T09:50:18.142] [INFO] default - item A010C0M data_index done
[2020-08-08T09:50:18.674] [INFO] default - item A010C0M monthdata done
[2020-08-08T09:50:18.934] [INFO] default - item A010C0N data_index done
[2020-08-08T09:50:19.499] [INFO] default - item A010C0N monthdata done
[2020-08-08T09:50:20.450] [INFO] default - item A010C0O data_index done
[2020-08-08T09:50:23.277] [INFO] default - item A010C0O monthdata done
[2020-08-08T09:50:23.772] [INFO] default - item A010C0P data_index done
[2020-08-08T09:50:25.186] [INFO] default - item A010C0P monthdata done
[2020-08-08T09:50:25.772] [INFO] default - item A010C0Q data_index done
[2020-08-08T09:50:27.624] [INFO] default - item A010C0Q monthdata done
[2020-08-08T09:50:28.416] [INFO] default - item A010C0R data_index done
[2020-08-08T09:50:30.899] [INFO] default - item A010C0R monthdata done
[2020-08-08T09:50:31.705] [INFO] default - item A010C0S data_index done
[2020-08-08T09:50:34.368] [INFO] default - item A010C0S monthdata done
[2020-08-08T09:50:35.297] [INFO] default - item A010C0T data_index done
[2020-08-08T09:50:37.699] [INFO] default - item A010C0T monthdata done
[2020-08-08T09:50:38.416] [INFO] default - item A010C0U data_index done
[2020-08-08T09:50:40.090] [INFO] default - item A010C0U monthdata done
[2020-08-08T09:50:40.833] [INFO] default - item A010C0V data_index done
[2020-08-08T09:50:43.126] [INFO] default - item A010C0V monthdata done
[2020-08-08T09:50:43.907] [INFO] default - item A010C0W data_index done
[2020-08-08T09:50:46.284] [INFO] default - item A010C0W monthdata done
[2020-08-08T09:50:47.030] [INFO] default - item A010C0X data_index done
[2020-08-08T09:50:49.698] [INFO] default - item A010C0X monthdata done
[2020-08-08T09:50:50.339] [INFO] default - item A010C0Y data_index done
[2020-08-08T09:50:51.925] [INFO] default - item A010C0Y monthdata done
[2020-08-08T09:50:52.321] [INFO] default - item A010C0Z data_index done
[2020-08-08T09:50:53.348] [INFO] default - item A010C0Z monthdata done
[2020-08-08T09:50:53.638] [INFO] default - item A010C10 data_index done
[2020-08-08T09:50:54.231] [INFO] default - item A010C10 monthdata done
[2020-08-08T09:50:55.013] [INFO] default - item A010C11 data_index done
[2020-08-08T09:50:56.859] [INFO] default - item A010C11 monthdata done
[2020-08-08T09:50:57.248] [INFO] default - item A010C12 data_index done
[2020-08-08T09:50:58.210] [INFO] default - item A010C12 monthdata done
[2020-08-08T09:50:58.576] [INFO] default - item A010C13 data_index done
[2020-08-08T09:50:59.450] [INFO] default - item A010C13 monthdata done
[2020-08-08T09:50:59.807] [INFO] default - item A010D01 data_index done
[2020-08-08T09:51:05.444] [INFO] default - item A010D01 monthdata done
[2020-08-08T09:51:05.759] [INFO] default - item A010D02 data_index done
[2020-08-08T09:51:09.500] [INFO] default - item A010D02 monthdata done
[2020-08-08T09:51:09.831] [INFO] default - item A010D03 data_index done
[2020-08-08T09:51:14.408] [INFO] default - item A010D03 monthdata done
[2020-08-08T09:51:14.750] [INFO] default - item A010D04 data_index done
[2020-08-08T09:51:20.210] [INFO] default - item A010D04 monthdata done
[2020-08-08T09:51:20.648] [INFO] default - item A010D05 data_index done
[2020-08-08T09:51:27.966] [INFO] default - item A010D05 monthdata done
[2020-08-08T09:51:28.316] [INFO] default - item A010D06 data_index done
[2020-08-08T09:51:30.026] [INFO] default - item A010D06 monthdata done
[2020-08-08T09:51:30.791] [INFO] default - item A010D07 data_index done
[2020-08-08T09:51:44.516] [INFO] default - item A010D07 monthdata done
[2020-08-08T09:51:45.173] [INFO] default - item A010D08 data_index done
[2020-08-08T09:51:56.838] [INFO] default - item A010D08 monthdata done
[2020-08-08T09:51:57.187] [INFO] default - item A010D09 data_index done
[2020-08-08T09:52:04.071] [INFO] default - item A010D09 monthdata done
[2020-08-08T09:52:04.436] [INFO] default - item A010D0A data_index done
[2020-08-08T09:52:08.854] [INFO] default - item A010D0A monthdata done
[2020-08-08T09:52:09.511] [INFO] default - item A010D0B data_index done
[2020-08-08T09:52:21.721] [INFO] default - item A010D0B monthdata done
[2020-08-08T09:52:22.044] [INFO] default - item A010D0C data_index done
[2020-08-08T09:52:26.579] [INFO] default - item A010D0C monthdata done
[2020-08-08T09:52:27.060] [INFO] default - item A010D0D data_index done
[2020-08-08T09:52:35.137] [INFO] default - item A010D0D monthdata done
[2020-08-08T09:52:35.543] [INFO] default - item A010D0E data_index done
[2020-08-08T09:52:43.637] [INFO] default - item A010D0E monthdata done
[2020-08-08T09:52:44.101] [INFO] default - item A010D0F data_index done
[2020-08-08T09:52:53.303] [INFO] default - item A010D0F monthdata done
[2020-08-08T09:52:53.675] [INFO] default - item A010D0G data_index done
[2020-08-08T09:52:58.501] [INFO] default - item A010D0G monthdata done
[2020-08-08T09:52:58.799] [INFO] default - item A010D0H data_index done
[2020-08-08T09:53:03.993] [INFO] default - item A010D0H monthdata done
[2020-08-08T09:53:04.532] [INFO] default - item A010D0I data_index done
[2020-08-08T09:53:14.359] [INFO] default - item A010D0I monthdata done
[2020-08-08T09:53:14.790] [INFO] default - item A010D0J data_index done
[2020-08-08T09:53:19.934] [INFO] default - item A010D0J monthdata done
[2020-08-08T09:53:20.815] [INFO] default - item A010D0K data_index done
[2020-08-08T09:53:34.256] [INFO] default - item A010D0K monthdata done
[2020-08-08T09:53:34.923] [INFO] default - item A010D0L data_index done
[2020-08-08T09:53:48.389] [INFO] default - item A010D0L monthdata done
[2020-08-08T09:53:48.756] [INFO] default - item A010D0M data_index done
[2020-08-08T09:53:54.095] [INFO] default - item A010D0M monthdata done
[2020-08-08T09:53:54.370] [INFO] default - item A010D0N data_index done
[2020-08-08T09:53:58.131] [INFO] default - item A010D0N monthdata done
[2020-08-08T09:53:59.309] [INFO] default - item A010D0O data_index done
[2020-08-08T09:54:16.885] [INFO] default - item A010D0O monthdata done
[2020-08-08T09:54:17.352] [INFO] default - item A010D0P data_index done
[2020-08-08T09:54:25.268] [INFO] default - item A010D0P monthdata done
[2020-08-08T09:54:25.828] [INFO] default - item A010D0Q data_index done
[2020-08-08T09:54:35.278] [INFO] default - item A010D0Q monthdata done
[2020-08-08T09:54:36.102] [INFO] default - item A010D0R data_index done
[2020-08-08T09:54:52.801] [INFO] default - item A010D0R monthdata done
[2020-08-08T09:54:53.699] [INFO] default - item A010D0S data_index done
[2020-08-08T09:55:10.209] [INFO] default - item A010D0S monthdata done
[2020-08-08T09:55:11.013] [INFO] default - item A010D0T data_index done
[2020-08-08T09:55:26.165] [INFO] default - item A010D0T monthdata done
[2020-08-08T09:55:26.821] [INFO] default - item A010D0U data_index done
[2020-08-08T09:55:38.198] [INFO] default - item A010D0U monthdata done
[2020-08-08T09:55:38.963] [INFO] default - item A010D0V data_index done
[2020-08-08T09:55:52.881] [INFO] default - item A010D0V monthdata done
[2020-08-08T09:55:53.604] [INFO] default - item A010D0W data_index done
[2020-08-08T09:56:05.832] [INFO] default - item A010D0W monthdata done
[2020-08-08T09:56:06.622] [INFO] default - item A010D0X data_index done
[2020-08-08T09:56:20.481] [INFO] default - item A010D0X monthdata done
[2020-08-08T09:56:21.038] [INFO] default - item A010D0Y data_index done
[2020-08-08T09:56:30.464] [INFO] default - item A010D0Y monthdata done
[2020-08-08T09:56:30.796] [INFO] default - item A010D0Z data_index done
[2020-08-08T09:56:34.031] [INFO] default - item A010D0Z monthdata done
[2020-08-08T09:56:34.296] [INFO] default - item A010D10 data_index done
[2020-08-08T09:56:37.539] [INFO] default - item A010D10 monthdata done
[2020-08-08T09:56:38.162] [INFO] default - item A010D11 data_index done
[2020-08-08T09:56:47.564] [INFO] default - item A010D11 monthdata done
[2020-08-08T09:56:47.937] [INFO] default - item A010D12 data_index done
[2020-08-08T09:56:52.814] [INFO] default - item A010D12 monthdata done
[2020-08-08T09:56:53.121] [INFO] default - item A010D13 data_index done
[2020-08-08T09:56:56.202] [INFO] default - item A010D13 monthdata done
[2020-08-08T09:56:56.633] [INFO] default - item A010D14 data_index done
[2020-08-08T09:57:02.919] [INFO] default - item A010D14 monthdata done
[2020-08-08T09:57:05.817] [INFO] default - item A010E data_index done
[2020-08-08T09:57:18.852] [INFO] default - item A010E monthdata done
[2020-08-08T09:57:21.904] [INFO] default - item A010F data_index done
[2020-08-08T09:57:35.860] [INFO] default - item A010F monthdata done
[2020-08-08T09:57:37.688] [INFO] default - item A010G01 data_index done
[2020-08-08T09:57:45.315] [INFO] default - item A010G01 monthdata done
[2020-08-08T09:57:46.196] [INFO] default - item A010G02 data_index done
[2020-08-08T09:57:49.543] [INFO] default - item A010G02 monthdata done
[2020-08-08T09:57:51.738] [INFO] default - item A010G03 data_index done
[2020-08-08T09:58:01.560] [INFO] default - item A010G03 monthdata done
[2020-08-08T09:58:02.655] [INFO] default - item A010G04 data_index done
[2020-08-08T09:58:07.088] [INFO] default - item A010G04 monthdata done
[2020-08-08T09:58:08.363] [INFO] default - item A010G05 data_index done
[2020-08-08T09:58:13.797] [INFO] default - item A010G05 monthdata done
[2020-08-08T09:58:14.733] [INFO] default - item A010G06 data_index done
[2020-08-08T09:58:17.930] [INFO] default - item A010G06 monthdata done
[2020-08-08T09:58:18.208] [INFO] default - item A0201 data_index done
[2020-08-08T09:58:22.034] [INFO] default - item A0201 monthdata done
[2020-08-08T09:58:23.016] [INFO] default - item A0202 data_index done
[2020-08-08T09:58:40.368] [INFO] default - item A0202 monthdata done
[2020-08-08T09:58:49.492] [INFO] default - item A0203 data_index done
[2020-08-08T09:59:34.943] [INFO] default - item A0203 monthdata done
[2020-08-08T09:59:48.191] [INFO] default - item A0204 data_index done
[2020-08-08T10:00:09.602] [INFO] default - item A0204 monthdata done
[2020-08-08T10:00:18.266] [INFO] default - item A0205 data_index done
[2020-08-08T10:02:17.387] [INFO] default - item A0205 monthdata done
[2020-08-08T10:02:17.875] [INFO] default - item A020601 data_index done
[2020-08-08T10:02:20.229] [INFO] default - item A020601 monthdata done
[2020-08-08T10:02:21.042] [INFO] default - item A020602 data_index done
[2020-08-08T10:02:23.477] [INFO] default - item A020602 monthdata done
[2020-08-08T10:02:24.317] [INFO] default - item A020603 data_index done
[2020-08-08T10:02:26.712] [INFO] default - item A020603 monthdata done
[2020-08-08T10:02:27.550] [INFO] default - item A020604 data_index done
[2020-08-08T10:02:29.677] [INFO] default - item A020604 monthdata done
[2020-08-08T10:02:33.992] [INFO] default - item A020605 data_index done
[2020-08-08T10:02:37.952] [INFO] default - item A020605 monthdata done
[2020-08-08T10:02:38.783] [INFO] default - item A020606 data_index done
[2020-08-08T10:02:40.968] [INFO] default - item A020606 monthdata done
[2020-08-08T10:02:41.925] [INFO] default - item A020607 data_index done
[2020-08-08T10:02:44.310] [INFO] default - item A020607 monthdata done
[2020-08-08T10:02:45.242] [INFO] default - item A020608 data_index done
[2020-08-08T10:02:47.518] [INFO] default - item A020608 monthdata done
[2020-08-08T10:02:48.509] [INFO] default - item A020609 data_index done
[2020-08-08T10:02:50.702] [INFO] default - item A020609 monthdata done
[2020-08-08T10:02:51.725] [INFO] default - item A02060A data_index done
[2020-08-08T10:02:54.092] [INFO] default - item A02060A monthdata done
[2020-08-08T10:02:54.892] [INFO] default - item A02060B data_index done
[2020-08-08T10:02:56.889] [INFO] default - item A02060B monthdata done
[2020-08-08T10:02:57.765] [INFO] default - item A02060C data_index done
[2020-08-08T10:02:59.758] [INFO] default - item A02060C monthdata done
[2020-08-08T10:03:00.581] [INFO] default - item A02060D data_index done
[2020-08-08T10:03:02.484] [INFO] default - item A02060D monthdata done
[2020-08-08T10:03:03.298] [INFO] default - item A02060E data_index done
[2020-08-08T10:03:05.556] [INFO] default - item A02060E monthdata done
[2020-08-08T10:03:06.381] [INFO] default - item A02060F data_index done
[2020-08-08T10:03:08.591] [INFO] default - item A02060F monthdata done
[2020-08-08T10:03:09.439] [INFO] default - item A02060G data_index done
[2020-08-08T10:03:11.566] [INFO] default - item A02060G monthdata done
[2020-08-08T10:03:12.364] [INFO] default - item A02060H data_index done
[2020-08-08T10:03:14.549] [INFO] default - item A02060H monthdata done
[2020-08-08T10:03:15.339] [INFO] default - item A02060I data_index done
[2020-08-08T10:03:17.566] [INFO] default - item A02060I monthdata done
[2020-08-08T10:03:18.364] [INFO] default - item A02060J data_index done
[2020-08-08T10:03:20.606] [INFO] default - item A02060J monthdata done
[2020-08-08T10:03:21.456] [INFO] default - item A02060K data_index done
[2020-08-08T10:03:23.524] [INFO] default - item A02060K monthdata done
[2020-08-08T10:03:24.397] [INFO] default - item A02060L data_index done
[2020-08-08T10:03:26.624] [INFO] default - item A02060L monthdata done
[2020-08-08T10:03:27.421] [INFO] default - item A02060M data_index done
[2020-08-08T10:03:29.508] [INFO] default - item A02060M monthdata done
[2020-08-08T10:03:30.314] [INFO] default - item A02060N data_index done
[2020-08-08T10:03:32.507] [INFO] default - item A02060N monthdata done
[2020-08-08T10:03:33.314] [INFO] default - item A02060O data_index done
[2020-08-08T10:03:35.573] [INFO] default - item A02060O monthdata done
[2020-08-08T10:03:36.389] [INFO] default - item A02060P data_index done
[2020-08-08T10:03:38.599] [INFO] default - item A02060P monthdata done
[2020-08-08T10:03:39.514] [INFO] default - item A02060Q data_index done
[2020-08-08T10:03:41.856] [INFO] default - item A02060Q monthdata done
[2020-08-08T10:03:42.862] [INFO] default - item A02060R data_index done
[2020-08-08T10:03:44.957] [INFO] default - item A02060R monthdata done
[2020-08-08T10:03:45.822] [INFO] default - item A02060S data_index done
[2020-08-08T10:03:48.097] [INFO] default - item A02060S monthdata done
[2020-08-08T10:03:48.972] [INFO] default - item A02060T data_index done
[2020-08-08T10:03:51.147] [INFO] default - item A02060T monthdata done
[2020-08-08T10:03:51.955] [INFO] default - item A02060U data_index done
[2020-08-08T10:03:54.324] [INFO] default - item A02060U monthdata done
[2020-08-08T10:03:55.237] [INFO] default - item A02060V data_index done
[2020-08-08T10:03:57.634] [INFO] default - item A02060V monthdata done
[2020-08-08T10:03:58.559] [INFO] default - item A02060W data_index done
[2020-08-08T10:04:01.086] [INFO] default - item A02060W monthdata done
[2020-08-08T10:04:02.040] [INFO] default - item A02060X data_index done
[2020-08-08T10:04:04.641] [INFO] default - item A02060X monthdata done
[2020-08-08T10:04:05.551] [INFO] default - item A02060Y data_index done
[2020-08-08T10:04:08.011] [INFO] default - item A02060Y monthdata done
[2020-08-08T10:04:08.931] [INFO] default - item A02060Z data_index done
[2020-08-08T10:04:11.583] [INFO] default - item A02060Z monthdata done
[2020-08-08T10:04:12.451] [INFO] default - item A020610 data_index done
[2020-08-08T10:04:15.069] [INFO] default - item A020610 monthdata done
[2020-08-08T10:04:15.980] [INFO] default - item A020611 data_index done
[2020-08-08T10:04:18.678] [INFO] default - item A020611 monthdata done
[2020-08-08T10:04:19.614] [INFO] default - item A020612 data_index done
[2020-08-08T10:04:22.674] [INFO] default - item A020612 monthdata done
[2020-08-08T10:04:23.600] [INFO] default - item A020613 data_index done
[2020-08-08T10:04:26.789] [INFO] default - item A020613 monthdata done
[2020-08-08T10:04:27.754] [INFO] default - item A020614 data_index done
[2020-08-08T10:04:30.406] [INFO] default - item A020614 monthdata done
[2020-08-08T10:04:31.300] [INFO] default - item A020701 data_index done
[2020-08-08T10:04:32.524] [INFO] default - item A020701 monthdata done
[2020-08-08T10:04:32.980] [INFO] default - item A020702 data_index done
[2020-08-08T10:04:34.210] [INFO] default - item A020702 monthdata done
[2020-08-08T10:04:34.617] [INFO] default - item A020703 data_index done
[2020-08-08T10:04:35.774] [INFO] default - item A020703 monthdata done
[2020-08-08T10:04:36.272] [INFO] default - item A020704 data_index done
[2020-08-08T10:04:37.544] [INFO] default - item A020704 monthdata done
[2020-08-08T10:04:37.979] [INFO] default - item A020705 data_index done
[2020-08-08T10:04:39.240] [INFO] default - item A020705 monthdata done
[2020-08-08T10:04:39.717] [INFO] default - item A020706 data_index done
[2020-08-08T10:04:40.974] [INFO] default - item A020706 monthdata done
[2020-08-08T10:04:41.425] [INFO] default - item A020707 data_index done
[2020-08-08T10:04:42.544] [INFO] default - item A020707 monthdata done
[2020-08-08T10:04:42.989] [INFO] default - item A020708 data_index done
[2020-08-08T10:04:44.273] [INFO] default - item A020708 monthdata done
[2020-08-08T10:04:44.742] [INFO] default - item A020709 data_index done
[2020-08-08T10:04:45.957] [INFO] default - item A020709 monthdata done
[2020-08-08T10:04:46.371] [INFO] default - item A02070A data_index done
[2020-08-08T10:04:47.648] [INFO] default - item A02070A monthdata done
[2020-08-08T10:04:48.100] [INFO] default - item A02070B data_index done
[2020-08-08T10:04:49.243] [INFO] default - item A02070B monthdata done
[2020-08-08T10:04:49.638] [INFO] default - item A02070C data_index done
[2020-08-08T10:04:50.760] [INFO] default - item A02070C monthdata done
[2020-08-08T10:04:51.163] [INFO] default - item A02070D data_index done
[2020-08-08T10:04:52.218] [INFO] default - item A02070D monthdata done
[2020-08-08T10:04:52.675] [INFO] default - item A02070E data_index done
[2020-08-08T10:04:53.673] [INFO] default - item A02070E monthdata done
[2020-08-08T10:04:54.133] [INFO] default - item A02070F data_index done
[2020-08-08T10:04:55.273] [INFO] default - item A02070F monthdata done
[2020-08-08T10:04:55.808] [INFO] default - item A02070G data_index done
[2020-08-08T10:04:56.931] [INFO] default - item A02070G monthdata done
[2020-08-08T10:04:57.371] [INFO] default - item A02070H data_index done
[2020-08-08T10:04:58.410] [INFO] default - item A02070H monthdata done
[2020-08-08T10:04:58.850] [INFO] default - item A02070I data_index done
[2020-08-08T10:04:59.935] [INFO] default - item A02070I monthdata done
[2020-08-08T10:05:00.391] [INFO] default - item A02070J data_index done
[2020-08-08T10:05:01.522] [INFO] default - item A02070J monthdata done
[2020-08-08T10:05:01.966] [INFO] default - item A02070K data_index done
[2020-08-08T10:05:03.085] [INFO] default - item A02070K monthdata done
[2020-08-08T10:05:03.624] [INFO] default - item A02070L data_index done
[2020-08-08T10:05:04.726] [INFO] default - item A02070L monthdata done
[2020-08-08T10:05:05.216] [INFO] default - item A02070M data_index done
[2020-08-08T10:05:06.368] [INFO] default - item A02070M monthdata done
[2020-08-08T10:05:06.849] [INFO] default - item A02070N data_index done
[2020-08-08T10:05:07.985] [INFO] default - item A02070N monthdata done
[2020-08-08T10:05:08.410] [INFO] default - item A02070O data_index done
[2020-08-08T10:05:09.551] [INFO] default - item A02070O monthdata done
[2020-08-08T10:05:09.978] [INFO] default - item A02070P data_index done
[2020-08-08T10:05:11.185] [INFO] default - item A02070P monthdata done
[2020-08-08T10:05:11.616] [INFO] default - item A02070Q data_index done
[2020-08-08T10:05:12.760] [INFO] default - item A02070Q monthdata done
[2020-08-08T10:05:13.166] [INFO] default - item A02070R data_index done
[2020-08-08T10:05:14.321] [INFO] default - item A02070R monthdata done
[2020-08-08T10:05:14.774] [INFO] default - item A02070S data_index done
[2020-08-08T10:05:15.935] [INFO] default - item A02070S monthdata done
[2020-08-08T10:05:16.399] [INFO] default - item A02070T data_index done
[2020-08-08T10:05:17.626] [INFO] default - item A02070T monthdata done
[2020-08-08T10:05:18.066] [INFO] default - item A02070U data_index done
[2020-08-08T10:05:19.243] [INFO] default - item A02070U monthdata done
[2020-08-08T10:05:19.666] [INFO] default - item A02070V data_index done
[2020-08-08T10:05:20.851] [INFO] default - item A02070V monthdata done
[2020-08-08T10:05:21.382] [INFO] default - item A02070W data_index done
[2020-08-08T10:05:22.701] [INFO] default - item A02070W monthdata done
[2020-08-08T10:05:23.199] [INFO] default - item A02070X data_index done
[2020-08-08T10:05:24.351] [INFO] default - item A02070X monthdata done
[2020-08-08T10:05:24.749] [INFO] default - item A02070Y data_index done
[2020-08-08T10:05:25.834] [INFO] default - item A02070Y monthdata done
[2020-08-08T10:05:26.257] [INFO] default - item A02070Z data_index done
[2020-08-08T10:05:27.376] [INFO] default - item A02070Z monthdata done
[2020-08-08T10:05:27.832] [INFO] default - item A020710 data_index done
[2020-08-08T10:05:28.984] [INFO] default - item A020710 monthdata done
[2020-08-08T10:05:29.424] [INFO] default - item A020711 data_index done
[2020-08-08T10:05:30.478] [INFO] default - item A020711 monthdata done
[2020-08-08T10:05:30.916] [INFO] default - item A020712 data_index done
[2020-08-08T10:05:32.009] [INFO] default - item A020712 monthdata done
[2020-08-08T10:05:32.471] [INFO] default - item A020713 data_index done
[2020-08-08T10:05:33.651] [INFO] default - item A020713 monthdata done
[2020-08-08T10:05:34.118] [INFO] default - item A020714 data_index done
[2020-08-08T10:05:35.167] [INFO] default - item A020714 monthdata done
[2020-08-08T10:05:35.582] [INFO] default - item A020715 data_index done
[2020-08-08T10:05:36.792] [INFO] default - item A020715 monthdata done
[2020-08-08T10:05:37.207] [INFO] default - item A020716 data_index done
[2020-08-08T10:05:38.369] [INFO] default - item A020716 monthdata done
[2020-08-08T10:05:38.790] [INFO] default - item A020801 data_index done
[2020-08-08T10:05:44.534] [INFO] default - item A020801 monthdata done
[2020-08-08T10:05:44.965] [INFO] default - item A020802 data_index done
[2020-08-08T10:05:50.817] [INFO] default - item A020802 monthdata done
[2020-08-08T10:05:51.285] [INFO] default - item A020803 data_index done
[2020-08-08T10:05:57.329] [INFO] default - item A020803 monthdata done
[2020-08-08T10:05:57.777] [INFO] default - item A020804 data_index done
[2020-08-08T10:06:03.921] [INFO] default - item A020804 monthdata done
[2020-08-08T10:06:04.335] [INFO] default - item A020805 data_index done
[2020-08-08T10:06:10.419] [INFO] default - item A020805 monthdata done
[2020-08-08T10:06:10.854] [INFO] default - item A020806 data_index done
[2020-08-08T10:06:16.504] [INFO] default - item A020806 monthdata done
[2020-08-08T10:06:16.918] [INFO] default - item A020807 data_index done
[2020-08-08T10:06:21.895] [INFO] default - item A020807 monthdata done
[2020-08-08T10:06:22.320] [INFO] default - item A020808 data_index done
[2020-08-08T10:06:27.755] [INFO] default - item A020808 monthdata done
[2020-08-08T10:06:28.212] [INFO] default - item A020809 data_index done
[2020-08-08T10:06:33.055] [INFO] default - item A020809 monthdata done
[2020-08-08T10:06:33.470] [INFO] default - item A02080A data_index done
[2020-08-08T10:06:38.470] [INFO] default - item A02080A monthdata done
[2020-08-08T10:06:39.053] [INFO] default - item A02080B data_index done
[2020-08-08T10:06:44.486] [INFO] default - item A02080B monthdata done
[2020-08-08T10:06:44.886] [INFO] default - item A02080C data_index done
[2020-08-08T10:06:49.904] [INFO] default - item A02080C monthdata done
[2020-08-08T10:06:50.477] [INFO] default - item A02080D data_index done
[2020-08-08T10:06:55.629] [INFO] default - item A02080D monthdata done
[2020-08-08T10:06:56.084] [INFO] default - item A02080E data_index done
[2020-08-08T10:07:01.710] [INFO] default - item A02080E monthdata done
[2020-08-08T10:07:02.092] [INFO] default - item A02080F data_index done
[2020-08-08T10:07:07.266] [INFO] default - item A02080F monthdata done
[2020-08-08T10:07:07.691] [INFO] default - item A02080G data_index done
[2020-08-08T10:07:13.801] [INFO] default - item A02080G monthdata done
[2020-08-08T10:07:14.256] [INFO] default - item A02080H data_index done
[2020-08-08T10:07:20.059] [INFO] default - item A02080H monthdata done
[2020-08-08T10:07:24.085] [INFO] default - item A02080I data_index done
[2020-08-08T10:07:32.042] [INFO] default - item A02080I monthdata done
[2020-08-08T10:07:32.505] [INFO] default - item A02080J data_index done
[2020-08-08T10:07:39.176] [INFO] default - item A02080J monthdata done
[2020-08-08T10:07:39.624] [INFO] default - item A02080K data_index done
[2020-08-08T10:07:46.041] [INFO] default - item A02080K monthdata done
[2020-08-08T10:07:46.524] [INFO] default - item A02080L data_index done
[2020-08-08T10:07:52.699] [INFO] default - item A02080L monthdata done
[2020-08-08T10:07:53.191] [INFO] default - item A02080M data_index done
[2020-08-08T10:07:59.491] [INFO] default - item A02080M monthdata done
[2020-08-08T10:07:59.948] [INFO] default - item A02080N data_index done
[2020-08-08T10:08:06.197] [INFO] default - item A02080N monthdata done
[2020-08-08T10:08:06.645] [INFO] default - item A02080O data_index done
[2020-08-08T10:08:12.888] [INFO] default - item A02080O monthdata done
[2020-08-08T10:08:13.372] [INFO] default - item A02080P data_index done
[2020-08-08T10:08:19.954] [INFO] default - item A02080P monthdata done
[2020-08-08T10:08:20.411] [INFO] default - item A02080Q data_index done
[2020-08-08T10:08:27.054] [INFO] default - item A02080Q monthdata done
[2020-08-08T10:08:27.514] [INFO] default - item A02080R data_index done
[2020-08-08T10:08:34.257] [INFO] default - item A02080R monthdata done
[2020-08-08T10:08:34.705] [INFO] default - item A02080S data_index done
[2020-08-08T10:08:41.165] [INFO] default - item A02080S monthdata done
[2020-08-08T10:08:41.605] [INFO] default - item A02080T data_index done
[2020-08-08T10:08:47.932] [INFO] default - item A02080T monthdata done
[2020-08-08T10:08:48.371] [INFO] default - item A02080U data_index done
[2020-08-08T10:08:54.415] [INFO] default - item A02080U monthdata done
[2020-08-08T10:08:54.880] [INFO] default - item A02080V data_index done
[2020-08-08T10:09:00.602] [INFO] default - item A02080V monthdata done
[2020-08-08T10:09:01.058] [INFO] default - item A02080W data_index done
[2020-08-08T10:09:07.052] [INFO] default - item A02080W monthdata done
[2020-08-08T10:09:07.575] [INFO] default - item A02080X data_index done
[2020-08-08T10:09:13.585] [INFO] default - item A02080X monthdata done
[2020-08-08T10:09:14.053] [INFO] default - item A02080Y data_index done
[2020-08-08T10:09:19.985] [INFO] default - item A02080Y monthdata done
[2020-08-08T10:09:20.449] [INFO] default - item A02080Z data_index done
[2020-08-08T10:09:26.587] [INFO] default - item A02080Z monthdata done
[2020-08-08T10:09:27.061] [INFO] default - item A020810 data_index done
[2020-08-08T10:09:32.826] [INFO] default - item A020810 monthdata done
[2020-08-08T10:09:33.274] [INFO] default - item A020811 data_index done
[2020-08-08T10:09:39.251] [INFO] default - item A020811 monthdata done
[2020-08-08T10:09:39.716] [INFO] default - item A020812 data_index done
[2020-08-08T10:09:45.736] [INFO] default - item A020812 monthdata done
[2020-08-08T10:09:46.167] [INFO] default - item A020813 data_index done
[2020-08-08T10:09:52.025] [INFO] default - item A020813 monthdata done
[2020-08-08T10:09:52.515] [INFO] default - item A020814 data_index done
[2020-08-08T10:09:58.254] [INFO] default - item A020814 monthdata done
[2020-08-08T10:09:58.685] [INFO] default - item A020815 data_index done
[2020-08-08T10:10:04.630] [INFO] default - item A020815 monthdata done
[2020-08-08T10:10:05.127] [INFO] default - item A020816 data_index done
[2020-08-08T10:10:11.106] [INFO] default - item A020816 monthdata done
[2020-08-08T10:10:11.629] [INFO] default - item A020901 data_index done
[2020-08-08T10:10:18.789] [INFO] default - item A020901 monthdata done
[2020-08-08T10:10:19.262] [INFO] default - item A020902 data_index done
[2020-08-08T10:10:26.003] [INFO] default - item A020902 monthdata done
[2020-08-08T10:10:26.445] [INFO] default - item A020903 data_index done
[2020-08-08T10:10:33.180] [INFO] default - item A020903 monthdata done
[2020-08-08T10:10:33.735] [INFO] default - item A020904 data_index done
[2020-08-08T10:10:40.338] [INFO] default - item A020904 monthdata done
[2020-08-08T10:10:40.761] [INFO] default - item A020905 data_index done
[2020-08-08T10:10:47.886] [INFO] default - item A020905 monthdata done
[2020-08-08T10:10:48.320] [INFO] default - item A020906 data_index done
[2020-08-08T10:10:55.670] [INFO] default - item A020906 monthdata done
[2020-08-08T10:10:56.114] [INFO] default - item A020907 data_index done
[2020-08-08T10:11:03.806] [INFO] default - item A020907 monthdata done
[2020-08-08T10:11:04.263] [INFO] default - item A020908 data_index done
[2020-08-08T10:11:11.540] [INFO] default - item A020908 monthdata done
[2020-08-08T10:11:12.030] [INFO] default - item A020909 data_index done
[2020-08-08T10:11:19.624] [INFO] default - item A020909 monthdata done
[2020-08-08T10:11:20.022] [INFO] default - item A02090A data_index done
[2020-08-08T10:11:28.057] [INFO] default - item A02090A monthdata done
[2020-08-08T10:11:28.538] [INFO] default - item A02090B data_index done
[2020-08-08T10:11:36.131] [INFO] default - item A02090B monthdata done
[2020-08-08T10:11:36.571] [INFO] default - item A02090C data_index done
[2020-08-08T10:11:44.323] [INFO] default - item A02090C monthdata done
[2020-08-08T10:11:44.821] [INFO] default - item A02090D data_index done
[2020-08-08T10:11:52.631] [INFO] default - item A02090D monthdata done
[2020-08-08T10:11:53.096] [INFO] default - item A02090E data_index done
[2020-08-08T10:12:00.783] [INFO] default - item A02090E monthdata done
[2020-08-08T10:12:01.240] [INFO] default - item A02090F data_index done
[2020-08-08T10:12:08.991] [INFO] default - item A02090F monthdata done
[2020-08-08T10:12:09.473] [INFO] default - item A02090G data_index done
[2020-08-08T10:12:16.524] [INFO] default - item A02090G monthdata done
[2020-08-08T10:12:16.972] [INFO] default - item A02090H data_index done
[2020-08-08T10:12:24.049] [INFO] default - item A02090H monthdata done
[2020-08-08T10:12:24.481] [INFO] default - item A02090I data_index done
[2020-08-08T10:12:31.616] [INFO] default - item A02090I monthdata done
[2020-08-08T10:12:32.114] [INFO] default - item A02090J data_index done
[2020-08-08T10:12:39.116] [INFO] default - item A02090J monthdata done
[2020-08-08T10:12:39.580] [INFO] default - item A02090K data_index done
[2020-08-08T10:12:46.815] [INFO] default - item A02090K monthdata done
[2020-08-08T10:12:47.280] [INFO] default - item A02090L data_index done
[2020-08-08T10:12:54.040] [INFO] default - item A02090L monthdata done
[2020-08-08T10:12:54.530] [INFO] default - item A02090M data_index done
[2020-08-08T10:13:01.437] [INFO] default - item A02090M monthdata done
[2020-08-08T10:13:01.910] [INFO] default - item A02090N data_index done
[2020-08-08T10:13:08.787] [INFO] default - item A02090N monthdata done
[2020-08-08T10:13:09.285] [INFO] default - item A02090O data_index done
[2020-08-08T10:13:16.536] [INFO] default - item A02090O monthdata done
[2020-08-08T10:13:17.002] [INFO] default - item A02090P data_index done
[2020-08-08T10:13:27.279] [INFO] default - item A02090P monthdata done
[2020-08-08T10:13:27.893] [INFO] default - item A02090Q data_index done
[2020-08-08T10:13:40.603] [INFO] default - item A02090Q monthdata done
[2020-08-08T10:13:41.036] [INFO] default - item A02090R data_index done
[2020-08-08T10:13:52.877] [INFO] default - item A02090R monthdata done
[2020-08-08T10:13:53.520] [INFO] default - item A02090S data_index done
[2020-08-08T10:14:06.316] [INFO] default - item A02090S monthdata done
[2020-08-08T10:14:08.077] [INFO] default - item A02090T data_index done
[2020-08-08T10:14:17.312] [INFO] default - item A02090T monthdata done
[2020-08-08T10:14:17.777] [INFO] default - item A02090U data_index done
[2020-08-08T10:14:24.864] [INFO] default - item A02090U monthdata done
[2020-08-08T10:14:25.312] [INFO] default - item A02090V data_index done
[2020-08-08T10:14:32.506] [INFO] default - item A02090V monthdata done
[2020-08-08T10:14:32.954] [INFO] default - item A02090W data_index done
[2020-08-08T10:14:40.687] [INFO] default - item A02090W monthdata done
[2020-08-08T10:14:41.170] [INFO] default - item A02090X data_index done
[2020-08-08T10:14:48.928] [INFO] default - item A02090X monthdata done
[2020-08-08T10:14:49.393] [INFO] default - item A02090Y data_index done
[2020-08-08T10:14:56.869] [INFO] default - item A02090Y monthdata done
[2020-08-08T10:14:57.375] [INFO] default - item A02090Z data_index done
[2020-08-08T10:15:04.537] [INFO] default - item A02090Z monthdata done
[2020-08-08T10:15:04.977] [INFO] default - item A020910 data_index done
[2020-08-08T10:15:12.412] [INFO] default - item A020910 monthdata done
[2020-08-08T10:15:12.843] [INFO] default - item A020911 data_index done
[2020-08-08T10:15:20.270] [INFO] default - item A020911 monthdata done
[2020-08-08T10:15:20.693] [INFO] default - item A020912 data_index done
[2020-08-08T10:15:28.228] [INFO] default - item A020912 monthdata done
[2020-08-08T10:15:28.717] [INFO] default - item A020913 data_index done
[2020-08-08T10:15:35.602] [INFO] default - item A020913 monthdata done
[2020-08-08T10:15:36.084] [INFO] default - item A020914 data_index done
[2020-08-08T10:15:43.643] [INFO] default - item A020914 monthdata done
[2020-08-08T10:15:44.141] [INFO] default - item A020915 data_index done
[2020-08-08T10:15:50.960] [INFO] default - item A020915 monthdata done
[2020-08-08T10:15:51.391] [INFO] default - item A020916 data_index done
[2020-08-08T10:15:58.181] [INFO] default - item A020916 monthdata done
[2020-08-08T10:15:58.613] [INFO] default - item A020917 data_index done
[2020-08-08T10:16:04.989] [INFO] default - item A020917 monthdata done
[2020-08-08T10:16:05.404] [INFO] default - item A020918 data_index done
[2020-08-08T10:16:11.797] [INFO] default - item A020918 monthdata done
[2020-08-08T10:16:12.262] [INFO] default - item A020919 data_index done
[2020-08-08T10:16:18.998] [INFO] default - item A020919 monthdata done
[2020-08-08T10:16:19.438] [INFO] default - item A02091A data_index done
[2020-08-08T10:16:26.215] [INFO] default - item A02091A monthdata done
[2020-08-08T10:16:26.646] [INFO] default - item A02091B data_index done
[2020-08-08T10:16:33.848] [INFO] default - item A02091B monthdata done
[2020-08-08T10:16:34.271] [INFO] default - item A02091C data_index done
[2020-08-08T10:16:41.215] [INFO] default - item A02091C monthdata done
[2020-08-08T10:16:41.702] [INFO] default - item A02091D data_index done
[2020-08-08T10:16:48.731] [INFO] default - item A02091D monthdata done
[2020-08-08T10:16:49.229] [INFO] default - item A02091E data_index done
[2020-08-08T10:16:56.123] [INFO] default - item A02091E monthdata done
[2020-08-08T10:16:56.553] [INFO] default - item A02091F data_index done
[2020-08-08T10:17:03.655] [INFO] default - item A02091F monthdata done
[2020-08-08T10:17:04.069] [INFO] default - item A02091G data_index done
[2020-08-08T10:17:11.229] [INFO] default - item A02091G monthdata done
[2020-08-08T10:17:11.669] [INFO] default - item A02091H data_index done
[2020-08-08T10:17:18.629] [INFO] default - item A02091H monthdata done
[2020-08-08T10:17:19.111] [INFO] default - item A02091I data_index done
[2020-08-08T10:17:26.013] [INFO] default - item A02091I monthdata done
[2020-08-08T10:17:26.511] [INFO] default - item A02091J data_index done
[2020-08-08T10:17:33.642] [INFO] default - item A02091J monthdata done
[2020-08-08T10:17:34.085] [INFO] default - item A02091K data_index done
[2020-08-08T10:17:41.298] [INFO] default - item A02091K monthdata done
[2020-08-08T10:17:41.914] [INFO] default - item A02091L data_index done
[2020-08-08T10:17:48.774] [INFO] default - item A02091L monthdata done
[2020-08-08T10:17:49.185] [INFO] default - item A02091M data_index done
[2020-08-08T10:17:56.406] [INFO] default - item A02091M monthdata done
[2020-08-08T10:17:56.842] [INFO] default - item A02091N data_index done
[2020-08-08T10:18:04.389] [INFO] default - item A02091N monthdata done
[2020-08-08T10:18:04.833] [INFO] default - item A02091O data_index done
[2020-08-08T10:18:12.280] [INFO] default - item A02091O monthdata done
[2020-08-08T10:18:12.742] [INFO] default - item A02091P data_index done
[2020-08-08T10:18:20.478] [INFO] default - item A02091P monthdata done
[2020-08-08T10:18:20.950] [INFO] default - item A02091Q data_index done
[2020-08-08T10:18:28.829] [INFO] default - item A02091Q monthdata done
[2020-08-08T10:18:29.269] [INFO] default - item A02091R data_index done
[2020-08-08T10:18:36.985] [INFO] default - item A02091R monthdata done
[2020-08-08T10:18:37.469] [INFO] default - item A02091S data_index done
[2020-08-08T10:18:45.220] [INFO] default - item A02091S monthdata done
[2020-08-08T10:18:45.685] [INFO] default - item A02091T data_index done
[2020-08-08T10:18:53.001] [INFO] default - item A02091T monthdata done
[2020-08-08T10:18:53.501] [INFO] default - item A02091U data_index done
[2020-08-08T10:19:00.911] [INFO] default - item A02091U monthdata done
[2020-08-08T10:19:01.359] [INFO] default - item A02091V data_index done
[2020-08-08T10:19:08.453] [INFO] default - item A02091V monthdata done
[2020-08-08T10:19:08.918] [INFO] default - item A02091W data_index done
[2020-08-08T10:19:15.880] [INFO] default - item A02091W monthdata done
[2020-08-08T10:19:16.401] [INFO] default - item A02091X data_index done
[2020-08-08T10:19:22.969] [INFO] default - item A02091X monthdata done
[2020-08-08T10:19:23.452] [INFO] default - item A02091Y data_index done
[2020-08-08T10:19:30.369] [INFO] default - item A02091Y monthdata done
[2020-08-08T10:19:30.892] [INFO] default - item A02091Z data_index done
[2020-08-08T10:19:37.603] [INFO] default - item A02091Z monthdata done
[2020-08-08T10:19:38.109] [INFO] default - item A020920 data_index done
[2020-08-08T10:19:44.377] [INFO] default - item A020920 monthdata done
[2020-08-08T10:19:44.784] [INFO] default - item A020921 data_index done
[2020-08-08T10:19:50.802] [INFO] default - item A020921 monthdata done
[2020-08-08T10:19:51.251] [INFO] default - item A020922 data_index done
[2020-08-08T10:19:57.303] [INFO] default - item A020922 monthdata done
[2020-08-08T10:19:57.851] [INFO] default - item A020923 data_index done
[2020-08-08T10:20:04.394] [INFO] default - item A020923 monthdata done
[2020-08-08T10:20:04.826] [INFO] default - item A020924 data_index done
[2020-08-08T10:20:11.111] [INFO] default - item A020924 monthdata done
[2020-08-08T10:20:11.550] [INFO] default - item A020925 data_index done
[2020-08-08T10:20:17.800] [INFO] default - item A020925 monthdata done
[2020-08-08T10:20:18.275] [INFO] default - item A020926 data_index done
[2020-08-08T10:20:24.769] [INFO] default - item A020926 monthdata done
[2020-08-08T10:20:25.184] [INFO] default - item A020927 data_index done
[2020-08-08T10:20:31.727] [INFO] default - item A020927 monthdata done
[2020-08-08T10:20:32.142] [INFO] default - item A020928 data_index done
[2020-08-08T10:20:38.685] [INFO] default - item A020928 monthdata done
[2020-08-08T10:20:39.117] [INFO] default - item A020929 data_index done
[2020-08-08T10:20:46.002] [INFO] default - item A020929 monthdata done
[2020-08-08T10:20:46.466] [INFO] default - item A02092A data_index done
[2020-08-08T10:20:53.061] [INFO] default - item A02092A monthdata done
[2020-08-08T10:20:53.468] [INFO] default - item A02092B data_index done
[2020-08-08T10:21:00.129] [INFO] default - item A02092B monthdata done
[2020-08-08T10:21:00.612] [INFO] default - item A02092C data_index done
[2020-08-08T10:21:07.468] [INFO] default - item A02092C monthdata done
[2020-08-08T10:21:07.941] [INFO] default - item A02092D data_index done
[2020-08-08T10:21:15.334] [INFO] default - item A02092D monthdata done
[2020-08-08T10:21:15.816] [INFO] default - item A02092E data_index done
[2020-08-08T10:21:23.488] [INFO] default - item A02092E monthdata done
[2020-08-08T10:21:23.974] [INFO] default - item A02092F data_index done
[2020-08-08T10:21:31.734] [INFO] default - item A02092F monthdata done
[2020-08-08T10:21:32.223] [INFO] default - item A02092G data_index done
[2020-08-08T10:21:40.074] [INFO] default - item A02092G monthdata done
[2020-08-08T10:21:40.494] [INFO] default - item A02092H data_index done
[2020-08-08T10:21:48.248] [INFO] default - item A02092H monthdata done
[2020-08-08T10:21:48.681] [INFO] default - item A02092I data_index done
[2020-08-08T10:21:56.573] [INFO] default - item A02092I monthdata done
[2020-08-08T10:21:57.016] [INFO] default - item A02092J data_index done
[2020-08-08T10:22:04.647] [INFO] default - item A02092J monthdata done
[2020-08-08T10:22:05.112] [INFO] default - item A02092K data_index done
[2020-08-08T10:22:13.756] [INFO] default - item A02092K monthdata done
[2020-08-08T10:22:14.237] [INFO] default - item A02092L data_index done
[2020-08-08T10:22:22.225] [INFO] default - item A02092L monthdata done
[2020-08-08T10:22:22.715] [INFO] default - item A02092M data_index done
[2020-08-08T10:22:31.074] [INFO] default - item A02092M monthdata done
[2020-08-08T10:22:31.523] [INFO] default - item A02092N data_index done
[2020-08-08T10:22:39.374] [INFO] default - item A02092N monthdata done
[2020-08-08T10:22:39.820] [INFO] default - item A02092O data_index done
[2020-08-08T10:22:47.082] [INFO] default - item A02092O monthdata done
[2020-08-08T10:22:47.522] [INFO] default - item A02092P data_index done
[2020-08-08T10:22:54.082] [INFO] default - item A02092P monthdata done
[2020-08-08T10:22:54.966] [INFO] default - item A02092Q data_index done
[2020-08-08T10:23:02.128] [INFO] default - item A02092Q monthdata done
[2020-08-08T10:23:02.628] [INFO] default - item A02092R data_index done
[2020-08-08T10:23:09.530] [INFO] default - item A02092R monthdata done
[2020-08-08T10:23:09.953] [INFO] default - item A02092S data_index done
[2020-08-08T10:23:16.495] [INFO] default - item A02092S monthdata done
[2020-08-08T10:23:22.101] [INFO] default - item A020A data_index done
[2020-08-08T10:24:53.515] [INFO] default - item A020A monthdata done
[2020-08-08T10:25:00.214] [INFO] default - item A020B data_index done
[2020-08-08T10:26:37.454] [INFO] default - item A020B monthdata done
[2020-08-08T10:26:42.135] [INFO] default - item A020C data_index done
[2020-08-08T10:27:23.499] [INFO] default - item A020C monthdata done
[2020-08-08T10:27:27.555] [INFO] default - item A020D data_index done
[2020-08-08T10:28:08.040] [INFO] default - item A020D monthdata done
[2020-08-08T10:28:14.214] [INFO] default - item A020E data_index done
[2020-08-08T10:29:55.857] [INFO] default - item A020E monthdata done
[2020-08-08T10:30:04.566] [INFO] default - item A020F data_index done
[2020-08-08T10:31:37.323] [INFO] default - item A020F monthdata done
[2020-08-08T10:31:43.545] [INFO] default - item A020G data_index done
[2020-08-08T10:33:22.487] [INFO] default - item A020G monthdata done
[2020-08-08T10:33:30.893] [INFO] default - item A020H data_index done
[2020-08-08T10:35:06.902] [INFO] default - item A020H monthdata done
[2020-08-08T10:35:13.708] [INFO] default - item A020I data_index done
[2020-08-08T10:36:50.823] [INFO] default - item A020I monthdata done
[2020-08-08T10:36:59.668] [INFO] default - item A020J data_index done
[2020-08-08T10:38:41.827] [INFO] default - item A020J monthdata done
[2020-08-08T10:38:51.300] [INFO] default - item A020K data_index done
[2020-08-08T10:40:25.891] [INFO] default - item A020K monthdata done
[2020-08-08T10:40:33.481] [INFO] default - item A020L01 data_index done
[2020-08-08T10:40:48.941] [INFO] default - item A020L01 monthdata done
[2020-08-08T10:41:09.767] [INFO] default - item A020L02 data_index done
[2020-08-08T10:42:00.766] [INFO] default - item A020L02 monthdata done
[2020-08-08T10:42:29.497] [INFO] default - item A020L03 data_index done
[2020-08-08T10:43:21.083] [INFO] default - item A020L03 monthdata done
[2020-08-08T10:43:47.374] [INFO] default - item A020L04 data_index done
[2020-08-08T10:44:35.861] [INFO] default - item A020L04 monthdata done
[2020-08-08T10:45:03.085] [INFO] default - item A020L05 data_index done
[2020-08-08T10:45:56.957] [INFO] default - item A020L05 monthdata done
[2020-08-08T10:46:25.297] [INFO] default - item A020L06 data_index done
[2020-08-08T10:47:12.561] [INFO] default - item A020L06 monthdata done
[2020-08-08T10:47:40.018] [INFO] default - item A020L07 data_index done
[2020-08-08T10:48:29.772] [INFO] default - item A020L07 monthdata done
[2020-08-08T10:48:57.920] [INFO] default - item A020L08 data_index done
[2020-08-08T10:49:52.335] [INFO] default - item A020L08 monthdata done
[2020-08-08T10:50:19.689] [INFO] default - item A020L09 data_index done
[2020-08-08T10:51:07.042] [INFO] default - item A020L09 monthdata done
[2020-08-08T10:51:35.032] [INFO] default - item A020L0A data_index done
[2020-08-08T10:52:25.680] [INFO] default - item A020L0A monthdata done
[2020-08-08T10:52:54.469] [INFO] default - item A020L0B data_index done
[2020-08-08T10:53:51.834] [INFO] default - item A020L0B monthdata done
[2020-08-08T10:54:18.738] [INFO] default - item A020L0C data_index done
[2020-08-08T10:55:08.074] [INFO] default - item A020L0C monthdata done
[2020-08-08T10:55:35.251] [INFO] default - item A020L0D data_index done
[2020-08-08T10:56:28.427] [INFO] default - item A020L0D monthdata done
[2020-08-08T10:56:55.152] [INFO] default - item A020L0E data_index done
[2020-08-08T10:57:45.437] [INFO] default - item A020L0E monthdata done
[2020-08-08T10:58:12.466] [INFO] default - item A020L0F data_index done
[2020-08-08T10:59:03.136] [INFO] default - item A020L0F monthdata done
[2020-08-08T10:59:30.000] [INFO] default - item A020L0G data_index done
[2020-08-08T11:00:20.306] [INFO] default - item A020L0G monthdata done
[2020-08-08T11:00:47.937] [INFO] default - item A020L0H data_index done
[2020-08-08T11:01:37.960] [INFO] default - item A020L0H monthdata done
[2020-08-08T11:01:54.000] [INFO] default - item A020M01 data_index done
[2020-08-08T11:02:20.589] [INFO] default - item A020M01 monthdata done
[2020-08-08T11:02:39.502] [INFO] default - item A020M02 data_index done
[2020-08-08T11:03:58.234] [INFO] default - item A020M02 monthdata done
[2020-08-08T11:04:25.397] [INFO] default - item A020M03 data_index done
[2020-08-08T11:05:46.704] [INFO] default - item A020M03 monthdata done
[2020-08-08T11:06:12.356] [INFO] default - item A020M04 data_index done
[2020-08-08T11:07:38.403] [INFO] default - item A020M04 monthdata done
[2020-08-08T11:08:06.195] [INFO] default - item A020M05 data_index done
[2020-08-08T11:09:30.025] [INFO] default - item A020M05 monthdata done
[2020-08-08T11:09:55.506] [INFO] default - item A020M06 data_index done
[2020-08-08T11:11:16.528] [INFO] default - item A020M06 monthdata done
[2020-08-08T11:11:43.991] [INFO] default - item A020M07 data_index done
[2020-08-08T11:13:07.748] [INFO] default - item A020M07 monthdata done
[2020-08-08T11:13:33.579] [INFO] default - item A020M08 data_index done
[2020-08-08T11:14:55.439] [INFO] default - item A020M08 monthdata done
[2020-08-08T11:15:22.591] [INFO] default - item A020M09 data_index done
[2020-08-08T11:16:47.498] [INFO] default - item A020M09 monthdata done
[2020-08-08T11:17:12.972] [INFO] default - item A020M0A data_index done
[2020-08-08T11:18:35.311] [INFO] default - item A020M0A monthdata done
[2020-08-08T11:19:02.492] [INFO] default - item A020M0B data_index done
[2020-08-08T11:20:26.956] [INFO] default - item A020M0B monthdata done
[2020-08-08T11:20:52.390] [INFO] default - item A020M0C data_index done
[2020-08-08T11:22:13.862] [INFO] default - item A020M0C monthdata done
[2020-08-08T11:22:40.658] [INFO] default - item A020M0D data_index done
[2020-08-08T11:24:05.799] [INFO] default - item A020M0D monthdata done
[2020-08-08T11:24:30.849] [INFO] default - item A020M0E data_index done
[2020-08-08T11:25:50.917] [INFO] default - item A020M0E monthdata done
[2020-08-08T11:26:16.486] [INFO] default - item A020M0F data_index done
[2020-08-08T11:27:41.156] [INFO] default - item A020M0F monthdata done
[2020-08-08T11:28:06.994] [INFO] default - item A020M0G data_index done
[2020-08-08T11:29:28.647] [INFO] default - item A020M0G monthdata done
[2020-08-08T11:29:55.352] [INFO] default - item A020M0H data_index done
[2020-08-08T11:31:20.309] [INFO] default - item A020M0H monthdata done
[2020-08-08T11:31:33.637] [INFO] default - item A020N01 data_index done
[2020-08-08T11:31:45.973] [INFO] default - item A020N01 monthdata done
[2020-08-08T11:31:59.866] [INFO] default - item A020N02 data_index done
[2020-08-08T11:32:37.952] [INFO] default - item A020N02 monthdata done
[2020-08-08T11:32:52.188] [INFO] default - item A020N03 data_index done
[2020-08-08T11:33:29.546] [INFO] default - item A020N03 monthdata done
[2020-08-08T11:33:44.227] [INFO] default - item A020N04 data_index done
[2020-08-08T11:34:20.634] [INFO] default - item A020N04 monthdata done
[2020-08-08T11:34:33.824] [INFO] default - item A020N05 data_index done
[2020-08-08T11:35:07.719] [INFO] default - item A020N05 monthdata done
[2020-08-08T11:35:21.558] [INFO] default - item A020N06 data_index done
[2020-08-08T11:35:56.980] [INFO] default - item A020N06 monthdata done
[2020-08-08T11:36:11.401] [INFO] default - item A020N07 data_index done
[2020-08-08T11:36:50.218] [INFO] default - item A020N07 monthdata done
[2020-08-08T11:37:05.424] [INFO] default - item A020N08 data_index done
[2020-08-08T11:37:41.425] [INFO] default - item A020N08 monthdata done
[2020-08-08T11:37:55.039] [INFO] default - item A020N09 data_index done
[2020-08-08T11:38:28.460] [INFO] default - item A020N09 monthdata done
[2020-08-08T11:38:42.066] [INFO] default - item A020N0A data_index done
[2020-08-08T11:39:17.188] [INFO] default - item A020N0A monthdata done
[2020-08-08T11:39:31.902] [INFO] default - item A020N0B data_index done
[2020-08-08T11:40:10.407] [INFO] default - item A020N0B monthdata done
[2020-08-08T11:40:25.425] [INFO] default - item A020N0C data_index done
[2020-08-08T11:41:02.886] [INFO] default - item A020N0C monthdata done
[2020-08-08T11:41:16.042] [INFO] default - item A020N0D data_index done
[2020-08-08T11:42:02.236] [INFO] default - item A020N0D monthdata done
[2020-08-08T11:42:25.861] [INFO] default - item A020N0E data_index done
[2020-08-08T11:43:05.002] [INFO] default - item A020N0E monthdata done
[2020-08-08T11:43:20.137] [INFO] default - item A020N0F data_index done
[2020-08-08T11:43:59.581] [INFO] default - item A020N0F monthdata done
[2020-08-08T11:44:13.890] [INFO] default - item A020N0G data_index done
[2020-08-08T11:44:46.443] [INFO] default - item A020N0G monthdata done
[2020-08-08T11:45:00.256] [INFO] default - item A020N0H data_index done
[2020-08-08T11:45:32.302] [INFO] default - item A020N0H monthdata done
[2020-08-08T11:45:47.543] [INFO] default - item A020N0I data_index done
[2020-08-08T11:46:25.441] [INFO] default - item A020N0I monthdata done
[2020-08-08T11:46:40.331] [INFO] default - item A020N0J data_index done
[2020-08-08T11:47:20.124] [INFO] default - item A020N0J monthdata done
[2020-08-08T11:47:34.338] [INFO] default - item A020N0K data_index done
[2020-08-08T11:48:19.145] [INFO] default - item A020N0K monthdata done
[2020-08-08T11:48:31.893] [INFO] default - item A020O01 data_index done
[2020-08-08T11:49:42.546] [INFO] default - item A020O01 monthdata done
[2020-08-08T11:49:58.282] [INFO] default - item A020O02 data_index done
[2020-08-08T11:53:25.847] [INFO] default - item A020O02 monthdata done
[2020-08-08T11:53:41.953] [INFO] default - item A020O03 data_index done
[2020-08-08T11:57:15.764] [INFO] default - item A020O03 monthdata done
[2020-08-08T11:57:31.519] [INFO] default - item A020O04 data_index done
[2020-08-08T11:59:37.710] [INFO] default - item A020O04 monthdata done
[2020-08-08T11:59:49.249] [INFO] default - item A020O05 data_index done
[2020-08-08T12:03:23.978] [INFO] default - item A020O05 monthdata done
[2020-08-08T12:03:39.843] [INFO] default - item A020O06 data_index done
[2020-08-08T12:07:18.153] [INFO] default - item A020O06 monthdata done
[2020-08-08T12:07:34.017] [INFO] default - item A020O07 data_index done
[2020-08-08T12:11:19.799] [INFO] default - item A020O07 monthdata done
[2020-08-08T12:11:37.389] [INFO] default - item A020O08 data_index done
[2020-08-08T12:15:52.070] [INFO] default - item A020O08 monthdata done
[2020-08-08T12:16:09.372] [INFO] default - item A020O09 data_index done
[2020-08-08T12:21:01.411] [INFO] default - item A020O09 monthdata done
[2020-08-08T12:21:17.010] [INFO] default - item A020O0A data_index done
[2020-08-08T12:22:57.483] [INFO] default - item A020O0A monthdata done
[2020-08-08T12:23:14.017] [INFO] default - item A020O0B data_index done
[2020-08-08T12:27:37.806] [INFO] default - item A020O0B monthdata done
[2020-08-08T12:27:53.417] [INFO] default - item A020O0C data_index done
[2020-08-08T12:29:35.991] [INFO] default - item A020O0C monthdata done
[2020-08-08T12:30:07.204] [INFO] default - item A020O0D data_index done
[2020-08-08T12:30:07.207] [INFO] default - item A020O0D monthdata done
[2020-08-08T12:30:33.287] [INFO] default - item A020O0E data_index done
[2020-08-08T12:34:48.048] [INFO] default - item A020O0E monthdata done
[2020-08-08T12:35:04.780] [INFO] default - item A020O0F data_index done
[2020-08-08T12:39:02.737] [INFO] default - item A020O0F monthdata done
[2020-08-08T12:39:17.510] [INFO] default - item A020O0G data_index done
[2020-08-08T12:43:07.816] [INFO] default - item A020O0G monthdata done
[2020-08-08T12:43:23.580] [INFO] default - item A020O0H data_index done
[2020-08-08T12:45:18.035] [INFO] default - item A020O0H monthdata done
[2020-08-08T12:45:34.924] [INFO] default - item A020O0I data_index done
[2020-08-08T12:50:03.561] [INFO] default - item A020O0I monthdata done
[2020-08-08T12:50:19.290] [INFO] default - item A020O0J data_index done
[2020-08-08T12:54:55.555] [INFO] default - item A020O0J monthdata done
[2020-08-08T12:55:10.827] [INFO] default - item A020O0K data_index done
[2020-08-08T12:59:04.400] [INFO] default - item A020O0K monthdata done
[2020-08-08T12:59:18.247] [INFO] default - item A020O0L data_index done
[2020-08-08T13:02:59.202] [INFO] default - item A020O0L monthdata done
[2020-08-08T13:03:31.058] [INFO] default - item A020O0M data_index done
[2020-08-08T13:03:31.060] [INFO] default - item A020O0M monthdata done
[2020-08-08T13:03:55.924] [INFO] default - item A020O0N data_index done
[2020-08-08T13:05:27.771] [INFO] default - item A020O0N monthdata done
[2020-08-08T13:05:43.901] [INFO] default - item A020O0O data_index done
[2020-08-08T13:07:17.864] [INFO] default - item A020O0O monthdata done
[2020-08-08T13:07:31.111] [INFO] default - item A020O0P data_index done
[2020-08-08T13:08:08.904] [INFO] default - item A020O0P monthdata done
[2020-08-08T13:08:22.402] [INFO] default - item A020O0Q data_index done
[2020-08-08T13:09:03.402] [INFO] default - item A020O0Q monthdata done
[2020-08-08T13:09:04.183] [INFO] default - item A020P data_index done
[2020-08-08T13:09:05.986] [INFO] default - item A020P monthdata done
[2020-08-08T13:09:06.449] [INFO] default - item A020Q data_index done
[2020-08-08T13:09:07.853] [INFO] default - item A020Q monthdata done
[2020-08-08T13:09:08.349] [INFO] default - item A030101 data_index done
[2020-08-08T13:09:16.994] [INFO] default - item A030101 monthdata done
[2020-08-08T13:09:17.600] [INFO] default - item A030102 data_index done
[2020-08-08T13:09:26.034] [INFO] default - item A030102 monthdata done
[2020-08-08T13:09:26.557] [INFO] default - item A030103 data_index done
[2020-08-08T13:09:35.477] [INFO] default - item A030103 monthdata done
[2020-08-08T13:09:36.025] [INFO] default - item A030104 data_index done
[2020-08-08T13:09:44.460] [INFO] default - item A030104 monthdata done
[2020-08-08T13:09:44.989] [INFO] default - item A030105 data_index done
[2020-08-08T13:09:53.143] [INFO] default - item A030105 monthdata done
[2020-08-08T13:09:53.697] [INFO] default - item A030106 data_index done
[2020-08-08T13:10:01.765] [INFO] default - item A030106 monthdata done
[2020-08-08T13:10:02.305] [INFO] default - item A030107 data_index done
[2020-08-08T13:10:11.017] [INFO] default - item A030107 monthdata done
[2020-08-08T13:10:11.499] [INFO] default - item A030108 data_index done
[2020-08-08T13:10:19.676] [INFO] default - item A030108 monthdata done
[2020-08-08T13:10:20.207] [INFO] default - item A030109 data_index done
[2020-08-08T13:10:28.484] [INFO] default - item A030109 monthdata done
[2020-08-08T13:10:29.040] [INFO] default - item A03010A data_index done
[2020-08-08T13:10:37.068] [INFO] default - item A03010A monthdata done
[2020-08-08T13:10:37.641] [INFO] default - item A03010B data_index done
[2020-08-08T13:10:45.051] [INFO] default - item A03010B monthdata done
[2020-08-08T13:10:45.499] [INFO] default - item A03010C data_index done
[2020-08-08T13:10:52.968] [INFO] default - item A03010C monthdata done
[2020-08-08T13:10:53.540] [INFO] default - item A03010D data_index done
[2020-08-08T13:11:01.051] [INFO] default - item A03010D monthdata done
[2020-08-08T13:11:01.573] [INFO] default - item A03010E data_index done
[2020-08-08T13:11:09.034] [INFO] default - item A03010E monthdata done
[2020-08-08T13:11:09.590] [INFO] default - item A03010F data_index done
[2020-08-08T13:11:17.067] [INFO] default - item A03010F monthdata done
[2020-08-08T13:11:17.590] [INFO] default - item A03010G data_index done
[2020-08-08T13:11:25.187] [INFO] default - item A03010G monthdata done
[2020-08-08T13:11:25.648] [INFO] default - item A03010H data_index done
[2020-08-08T13:11:33.217] [INFO] default - item A03010H monthdata done
[2020-08-08T13:11:33.731] [INFO] default - item A03010I data_index done
[2020-08-08T13:11:40.991] [INFO] default - item A03010I monthdata done
[2020-08-08T13:11:41.489] [INFO] default - item A03010J data_index done
[2020-08-08T13:11:48.725] [INFO] default - item A03010J monthdata done
[2020-08-08T13:11:49.191] [INFO] default - item A03010K data_index done
[2020-08-08T13:11:55.968] [INFO] default - item A03010K monthdata done
[2020-08-08T13:11:56.490] [INFO] default - item A03010L data_index done
[2020-08-08T13:12:03.449] [INFO] default - item A03010L monthdata done
[2020-08-08T13:12:03.949] [INFO] default - item A03010M data_index done
[2020-08-08T13:12:10.624] [INFO] default - item A03010M monthdata done
[2020-08-08T13:12:11.638] [INFO] default - item A0401 data_index done
[2020-08-08T13:12:22.483] [INFO] default - item A0401 monthdata done
[2020-08-08T13:12:23.289] [INFO] default - item A0402 data_index done
[2020-08-08T13:12:37.574] [INFO] default - item A0402 monthdata done
[2020-08-08T13:12:44.955] [INFO] default - item A0403 data_index done
[2020-08-08T13:14:57.228] [INFO] default - item A0403 monthdata done
[2020-08-08T13:15:00.384] [INFO] default - item A0404 data_index done
[2020-08-08T13:16:00.451] [INFO] default - item A0404 monthdata done
[2020-08-08T13:16:03.661] [INFO] default - item A0405 data_index done
[2020-08-08T13:17:04.977] [INFO] default - item A0405 monthdata done
[2020-08-08T13:17:06.066] [INFO] default - item A0406 data_index done
[2020-08-08T13:17:09.792] [INFO] default - item A0406 monthdata done
[2020-08-08T13:17:10.357] [INFO] default - item A0407 data_index done
[2020-08-08T13:17:11.667] [INFO] default - item A0407 monthdata done
[2020-08-08T13:17:12.016] [INFO] default - item A0408 data_index done
[2020-08-08T13:17:12.634] [INFO] default - item A0408 monthdata done
[2020-08-08T13:17:14.599] [INFO] default - item A0409 data_index done
[2020-08-08T13:17:20.176] [INFO] default - item A0409 monthdata done
[2020-08-08T13:17:21.615] [INFO] default - item A040A01 data_index done
[2020-08-08T13:17:25.858] [INFO] default - item A040A01 monthdata done
[2020-08-08T13:17:27.264] [INFO] default - item A040A02 data_index done
[2020-08-08T13:17:31.234] [INFO] default - item A040A02 monthdata done
[2020-08-08T13:17:37.598] [INFO] default - item A040A03 data_index done
[2020-08-08T13:17:58.308] [INFO] default - item A040A03 monthdata done
[2020-08-08T13:17:59.172] [INFO] default - item A040A04 data_index done
[2020-08-08T13:18:01.691] [INFO] default - item A040A04 monthdata done
[2020-08-08T13:18:02.072] [INFO] default - item A040A05 data_index done
[2020-08-08T13:18:02.649] [INFO] default - item A040A05 monthdata done
[2020-08-08T13:18:02.964] [INFO] default - item A040A06 data_index done
[2020-08-08T13:18:03.590] [INFO] default - item A040A06 monthdata done
[2020-08-08T13:18:05.022] [INFO] default - item A040A07 data_index done
[2020-08-08T13:18:09.208] [INFO] default - item A040A07 monthdata done
[2020-08-08T13:18:09.556] [INFO] default - item A040A08 data_index done
[2020-08-08T13:18:10.124] [INFO] default - item A040A08 monthdata done
[2020-08-08T13:18:10.631] [INFO] default - item A040A09 data_index done
[2020-08-08T13:18:11.883] [INFO] default - item A040A09 monthdata done
[2020-08-08T13:18:12.197] [INFO] default - item A040A0A data_index done
[2020-08-08T13:18:12.791] [INFO] default - item A040A0A monthdata done
[2020-08-08T13:18:13.114] [INFO] default - item A040A0B data_index done
[2020-08-08T13:18:13.666] [INFO] default - item A040A0B monthdata done
[2020-08-08T13:18:14.014] [INFO] default - item A040A0C data_index done
[2020-08-08T13:18:14.625] [INFO] default - item A040A0C monthdata done
[2020-08-08T13:18:14.931] [INFO] default - item A040A0D data_index done
[2020-08-08T13:18:15.507] [INFO] default - item A040A0D monthdata done
[2020-08-08T13:18:16.347] [INFO] default - item A040A0E data_index done
[2020-08-08T13:18:18.850] [INFO] default - item A040A0E monthdata done
[2020-08-08T13:18:19.148] [INFO] default - item A040A0F data_index done
[2020-08-08T13:18:19.758] [INFO] default - item A040A0F monthdata done
[2020-08-08T13:18:21.464] [INFO] default - item A040A0G data_index done
[2020-08-08T13:18:22.064] [INFO] default - item A040A0G monthdata done
[2020-08-08T13:18:23.121] [INFO] default - item A040A0H data_index done
[2020-08-08T13:18:25.799] [INFO] default - item A040A0H monthdata done
[2020-08-08T13:18:26.272] [INFO] default - item A040A0I data_index done
[2020-08-08T13:18:27.658] [INFO] default - item A040A0I monthdata done
[2020-08-08T13:18:28.005] [INFO] default - item A040A0J data_index done
[2020-08-08T13:18:28.766] [INFO] default - item A040A0J monthdata done
[2020-08-08T13:18:29.064] [INFO] default - item A040A0K data_index done
[2020-08-08T13:18:29.174] [INFO] default - item A040A0K monthdata done
[2020-08-08T13:18:30.079] [INFO] default - item A040B01 data_index done
[2020-08-08T13:18:32.866] [INFO] default - item A040B01 monthdata done
[2020-08-08T13:18:35.155] [INFO] default - item A040B02 data_index done
[2020-08-08T13:18:44.732] [INFO] default - item A040B02 monthdata done
[2020-08-08T13:18:55.663] [INFO] default - item A040B03 data_index done
[2020-08-08T13:19:40.627] [INFO] default - item A040B03 monthdata done
[2020-08-08T13:19:47.787] [INFO] default - item A040B04 data_index done
[2020-08-08T13:19:53.735] [INFO] default - item A040B04 monthdata done
[2020-08-08T13:19:54.932] [INFO] default - item A040B05 data_index done
[2020-08-08T13:19:56.350] [INFO] default - item A040B05 monthdata done
[2020-08-08T13:19:58.316] [INFO] default - item A040B06 data_index done
[2020-08-08T13:20:07.450] [INFO] default - item A040B06 monthdata done
[2020-08-08T13:20:09.268] [INFO] default - item A040B07 data_index done
[2020-08-08T13:20:10.784] [INFO] default - item A040B07 monthdata done
[2020-08-08T13:20:11.495] [INFO] default - item A040B08 data_index done
[2020-08-08T13:20:13.047] [INFO] default - item A040B08 monthdata done
[2020-08-08T13:20:13.765] [INFO] default - item A040B09 data_index done
[2020-08-08T13:20:15.366] [INFO] default - item A040B09 monthdata done
[2020-08-08T13:20:16.123] [INFO] default - item A040B0A data_index done
[2020-08-08T13:20:17.659] [INFO] default - item A040B0A monthdata done
[2020-08-08T13:20:18.373] [INFO] default - item A040B0B data_index done
[2020-08-08T13:20:20.066] [INFO] default - item A040B0B monthdata done
[2020-08-08T13:20:20.781] [INFO] default - item A040B0C data_index done
[2020-08-08T13:20:22.390] [INFO] default - item A040B0C monthdata done
[2020-08-08T13:20:23.061] [INFO] default - item A040B0D data_index done
[2020-08-08T13:20:24.572] [INFO] default - item A040B0D monthdata done
[2020-08-08T13:20:26.011] [INFO] default - item A040B0E data_index done
[2020-08-08T13:20:32.638] [INFO] default - item A040B0E monthdata done
[2020-08-08T13:20:33.961] [INFO] default - item A040B0F data_index done
[2020-08-08T13:20:35.649] [INFO] default - item A040B0F monthdata done
[2020-08-08T13:20:36.410] [INFO] default - item A040B0G data_index done
[2020-08-08T13:20:37.957] [INFO] default - item A040B0G monthdata done
[2020-08-08T13:20:38.955] [INFO] default - item A040B0H data_index done
[2020-08-08T13:20:42.014] [INFO] default - item A040B0H monthdata done
[2020-08-08T13:20:42.980] [INFO] default - item A040B0I data_index done
[2020-08-08T13:20:44.498] [INFO] default - item A040B0I monthdata done
[2020-08-08T13:20:45.161] [INFO] default - item A040B0J data_index done
[2020-08-08T13:20:46.747] [INFO] default - item A040B0J monthdata done
[2020-08-08T13:20:47.437] [INFO] default - item A040B0K data_index done
[2020-08-08T13:20:47.514] [INFO] default - item A040B0K monthdata done
[2020-08-08T13:20:48.570] [INFO] default - item A040C01 data_index done
[2020-08-08T13:20:50.307] [INFO] default - item A040C01 monthdata done
[2020-08-08T13:20:58.720] [INFO] default - item A040C02 data_index done
[2020-08-08T13:21:13.888] [INFO] default - item A040C02 monthdata done
[2020-08-08T13:21:21.795] [INFO] default - item A040C03 data_index done
[2020-08-08T13:21:29.871] [INFO] default - item A040C03 monthdata done
[2020-08-08T13:21:32.736] [INFO] default - item A040D data_index done
[2020-08-08T13:21:34.971] [INFO] default - item A040D monthdata done
[2020-08-08T13:21:38.702] [INFO] default - item A040E data_index done
[2020-08-08T13:21:47.912] [INFO] default - item A040E monthdata done
[2020-08-08T13:21:48.710] [INFO] default - item A040F data_index done
[2020-08-08T13:21:50.426] [INFO] default - item A040F monthdata done
[2020-08-08T13:21:50.983] [INFO] default - item A040G data_index done
[2020-08-08T13:21:52.119] [INFO] default - item A040G monthdata done
[2020-08-08T13:21:52.650] [INFO] default - item A040H data_index done
[2020-08-08T13:21:53.788] [INFO] default - item A040H monthdata done
[2020-08-08T13:21:54.468] [INFO] default - item A040I data_index done
[2020-08-08T13:21:56.353] [INFO] default - item A040I monthdata done
[2020-08-08T13:21:59.309] [INFO] default - item A040J data_index done
[2020-08-08T13:22:07.412] [INFO] default - item A040J monthdata done
[2020-08-08T13:22:07.801] [INFO] default - item A0501 data_index done
[2020-08-08T13:22:11.528] [INFO] default - item A0501 monthdata done
[2020-08-08T13:22:14.867] [INFO] default - item A0601 data_index done
[2020-08-08T13:23:20.489] [INFO] default - item A0601 monthdata done
[2020-08-08T13:23:22.830] [INFO] default - item A0602 data_index done
[2020-08-08T13:24:01.634] [INFO] default - item A0602 monthdata done
[2020-08-08T13:24:02.140] [INFO] default - item A0603 data_index done
[2020-08-08T13:24:09.991] [INFO] default - item A0603 monthdata done
[2020-08-08T13:24:10.664] [INFO] default - item A0604 data_index done
[2020-08-08T13:24:22.590] [INFO] default - item A0604 monthdata done
[2020-08-08T13:24:23.389] [INFO] default - item A0605 data_index done
[2020-08-08T13:24:35.637] [INFO] default - item A0605 monthdata done
[2020-08-08T13:24:36.372] [INFO] default - item A0606 data_index done
[2020-08-08T13:24:48.711] [INFO] default - item A0606 monthdata done
[2020-08-08T13:24:49.463] [INFO] default - item A0607 data_index done
[2020-08-08T13:25:01.740] [INFO] default - item A0607 monthdata done
[2020-08-08T13:25:02.474] [INFO] default - item A0608 data_index done
[2020-08-08T13:25:14.857] [INFO] default - item A0608 monthdata done
[2020-08-08T13:25:15.588] [INFO] default - item A0609 data_index done
[2020-08-08T13:25:28.190] [INFO] default - item A0609 monthdata done
[2020-08-08T13:25:28.921] [INFO] default - item A060A data_index done
[2020-08-08T13:25:41.081] [INFO] default - item A060A monthdata done
[2020-08-08T13:25:41.862] [INFO] default - item A060B data_index done
[2020-08-08T13:25:52.798] [INFO] default - item A060B monthdata done
[2020-08-08T13:25:53.571] [INFO] default - item A060C data_index done
[2020-08-08T13:26:04.591] [INFO] default - item A060C monthdata done
[2020-08-08T13:26:05.372] [INFO] default - item A060D data_index done
[2020-08-08T13:26:17.815] [INFO] default - item A060D monthdata done
[2020-08-08T13:26:18.605] [INFO] default - item A060E data_index done
[2020-08-08T13:26:31.640] [INFO] default - item A060E monthdata done
[2020-08-08T13:26:32.438] [INFO] default - item A060F data_index done
[2020-08-08T13:26:45.445] [INFO] default - item A060F monthdata done
[2020-08-08T13:26:46.660] [INFO] default - item A0701 data_index done
[2020-08-08T13:27:03.622] [INFO] default - item A0701 monthdata done
[2020-08-08T13:27:04.627] [INFO] default - item A0702 data_index done
[2020-08-08T13:27:21.463] [INFO] default - item A0702 monthdata done
[2020-08-08T13:27:23.353] [INFO] default - item A0703 data_index done
[2020-08-08T13:27:55.821] [INFO] default - item A0703 monthdata done
[2020-08-08T13:27:57.550] [INFO] default - item A070401 data_index done
[2020-08-08T13:28:28.069] [INFO] default - item A070401 monthdata done
[2020-08-08T13:28:29.092] [INFO] default - item A070402 data_index done
[2020-08-08T13:28:45.227] [INFO] default - item A070402 monthdata done
[2020-08-08T13:28:45.809] [INFO] default - item A070403 data_index done
[2020-08-08T13:28:53.860] [INFO] default - item A070403 monthdata done
[2020-08-08T13:28:54.350] [INFO] default - item A070404 data_index done
[2020-08-08T13:29:02.397] [INFO] default - item A070404 monthdata done
[2020-08-08T13:29:02.958] [INFO] default - item A070405 data_index done
[2020-08-08T13:29:10.779] [INFO] default - item A070405 monthdata done
[2020-08-08T13:29:11.332] [INFO] default - item A070406 data_index done
[2020-08-08T13:29:19.276] [INFO] default - item A070406 monthdata done
[2020-08-08T13:29:19.849] [INFO] default - item A070407 data_index done
[2020-08-08T13:29:27.801] [INFO] default - item A070407 monthdata done
[2020-08-08T13:29:28.344] [INFO] default - item A070408 data_index done
[2020-08-08T13:29:36.368] [INFO] default - item A070408 monthdata done
[2020-08-08T13:29:36.890] [INFO] default - item A070409 data_index done
[2020-08-08T13:29:44.750] [INFO] default - item A070409 monthdata done
[2020-08-08T13:29:45.302] [INFO] default - item A07040A data_index done
[2020-08-08T13:29:53.378] [INFO] default - item A07040A monthdata done
[2020-08-08T13:29:53.893] [INFO] default - item A07040B data_index done
[2020-08-08T13:30:02.092] [INFO] default - item A07040B monthdata done
[2020-08-08T13:30:02.707] [INFO] default - item A07040C data_index done
[2020-08-08T13:30:11.550] [INFO] default - item A07040C monthdata done
[2020-08-08T13:30:12.159] [INFO] default - item A07040D data_index done
[2020-08-08T13:30:20.859] [INFO] default - item A07040D monthdata done
[2020-08-08T13:30:21.398] [INFO] default - item A07040E data_index done
[2020-08-08T13:30:30.124] [INFO] default - item A07040E monthdata done
[2020-08-08T13:30:30.650] [INFO] default - item A07040F data_index done
[2020-08-08T13:30:38.758] [INFO] default - item A07040F monthdata done
[2020-08-08T13:30:39.289] [INFO] default - item A07040G data_index done
[2020-08-08T13:30:46.401] [INFO] default - item A07040G monthdata done
[2020-08-08T13:30:52.240] [INFO] default - item A0705 data_index done
[2020-08-08T13:31:16.782] [INFO] default - item A0705 monthdata done
[2020-08-08T13:31:20.463] [INFO] default - item A0706 data_index done
[2020-08-08T13:31:34.540] [INFO] default - item A0706 monthdata done
[2020-08-08T13:31:36.005] [INFO] default - item A0801 data_index done
[2020-08-08T13:32:06.398] [INFO] default - item A0801 monthdata done
[2020-08-08T13:32:08.435] [INFO] default - item A0802 data_index done
[2020-08-08T13:32:44.413] [INFO] default - item A0802 monthdata done
[2020-08-08T13:32:46.417] [INFO] default - item A0901 data_index done
[2020-08-08T13:33:33.990] [INFO] default - item A0901 monthdata done
[2020-08-08T13:33:36.007] [INFO] default - item A0902 data_index done
[2020-08-08T13:34:24.718] [INFO] default - item A0902 monthdata done
[2020-08-08T13:34:26.960] [INFO] default - item A0903 data_index done
[2020-08-08T13:35:12.837] [INFO] default - item A0903 monthdata done
[2020-08-08T13:35:14.818] [INFO] default - item A0904 data_index done
[2020-08-08T13:35:52.551] [INFO] default - item A0904 monthdata done
[2020-08-08T13:35:53.449] [INFO] default - item A0905 data_index done
[2020-08-08T13:36:00.735] [INFO] default - item A0905 monthdata done
[2020-08-08T13:36:02.007] [INFO] default - item A0906 data_index done
[2020-08-08T13:36:14.560] [INFO] default - item A0906 monthdata done
[2020-08-08T13:36:15.791] [INFO] default - item A0A01 data_index done
[2020-08-08T13:36:32.103] [INFO] default - item A0A01 monthdata done
[2020-08-08T13:36:35.467] [INFO] default - item A0A02 data_index done
[2020-08-08T13:37:22.780] [INFO] default - item A0A02 monthdata done
[2020-08-08T13:37:25.176] [INFO] default - item A0A03 data_index done
[2020-08-08T13:38:21.399] [INFO] default - item A0A03 monthdata done
[2020-08-08T13:38:27.458] [INFO] default - item A0A04 data_index done
[2020-08-08T13:39:28.589] [INFO] default - item A0A04 monthdata done
[2020-08-08T13:39:29.687] [INFO] default - item A0A05 data_index done
[2020-08-08T13:39:47.006] [INFO] default - item A0A05 monthdata done
[2020-08-08T13:39:48.537] [INFO] default - item A0B01 data_index done
[2020-08-08T13:40:14.921] [INFO] default - item A0B01 monthdata done
[2020-08-08T13:40:15.927] [INFO] default - item A0B02 data_index done
[2020-08-08T13:40:35.412] [INFO] default - item A0B02 monthdata done
[2020-08-08T13:40:35.644] [INFO] default - item A0B03 data_index done
[2020-08-08T13:40:37.760] [INFO] default - item A0B03 monthdata done
[2020-08-08T13:40:38.236] [INFO] default - item A0C01 data_index done
[2020-08-08T13:40:43.587] [INFO] default - item A0C01 monthdata done
[2020-08-08T13:40:44.001] [INFO] default - item A0C02 data_index done
[2020-08-08T13:40:49.329] [INFO] default - item A0C02 monthdata done
[2020-08-08T13:40:50.051] [INFO] default - item A0D01 data_index done
[2020-08-08T13:41:02.177] [INFO] default - item A0D01 monthdata done
[2020-08-08T13:41:02.485] [INFO] default - item A0E01 data_index done
[2020-08-08T13:41:05.776] [INFO] default - item A0E01 monthdata done
